#! /usr/bin/vvp
:ivl_version "12.0 (stable)";
:ivl_delay_selection "TYPICAL";
:vpi_time_precision - 12;
:vpi_module "/usr/lib/x86_64-linux-gnu/ivl/system.vpi";
:vpi_module "/usr/lib/x86_64-linux-gnu/ivl/vhdl_sys.vpi";
:vpi_module "/usr/lib/x86_64-linux-gnu/ivl/vhdl_textio.vpi";
:vpi_module "/usr/lib/x86_64-linux-gnu/ivl/v2005_math.vpi";
:vpi_module "/usr/lib/x86_64-linux-gnu/ivl/va_math.vpi";
S_0x5d5422e98490 .scope module, "tb_systolic2x2" "tb_systolic2x2" 2 3;
 .timescale -9 -12;
v0x5d5422f0c020_0 .var "a00", 3 0;
v0x5d5422f0c130_0 .var "a01", 3 0;
v0x5d5422f0c200_0 .var "a10", 3 0;
v0x5d5422f0c300_0 .var "a11", 3 0;
v0x5d5422f0c3d0_0 .var "b00", 3 0;
v0x5d5422f0c470_0 .var "b01", 3 0;
v0x5d5422f0c540_0 .var "b10", 3 0;
v0x5d5422f0c610_0 .var "b11", 3 0;
v0x5d5422f0c6e0_0 .net "c00", 8 0, v0x5d5422f088e0_0;  1 drivers
v0x5d5422f0c810_0 .net "c01", 8 0, v0x5d5422f09240_0;  1 drivers
v0x5d5422f0c900_0 .net "c10", 8 0, v0x5d5422f09b30_0;  1 drivers
v0x5d5422f0ca10_0 .net "c11", 8 0, v0x5d5422f0a4f0_0;  1 drivers
v0x5d5422f0cb20_0 .var "clk", 0 0;
v0x5d5422f0cbc0_0 .var "rst_n", 0 0;
E_0x5d5422ede3e0 .event negedge, v0x5d5422f08a10_0;
S_0x5d5422e98620 .scope module, "dut" "systolic2x2" 2 16, 3 1 0, S_0x5d5422e98490;
 .timescale 0 0;
    .port_info 0 /INPUT 1 "clk";
    .port_info 1 /INPUT 1 "rst_n";
    .port_info 2 /INPUT 4 "a00";
    .port_info 3 /INPUT 4 "a01";
    .port_info 4 /INPUT 4 "a10";
    .port_info 5 /INPUT 4 "a11";
    .port_info 6 /INPUT 4 "b00";
    .port_info 7 /INPUT 4 "b01";
    .port_info 8 /INPUT 4 "b10";
    .port_info 9 /INPUT 4 "b11";
    .port_info 10 /OUTPUT 9 "c00";
    .port_info 11 /OUTPUT 9 "c01";
    .port_info 12 /OUTPUT 9 "c10";
    .port_info 13 /OUTPUT 9 "c11";
v0x5d5422f0a880_0 .net "a00", 3 0, v0x5d5422f0c020_0;  1 drivers
v0x5d5422f0a980_0 .net "a01", 3 0, v0x5d5422f0c130_0;  1 drivers
v0x5d5422f0aa60_0 .net "a10", 3 0, v0x5d5422f0c200_0;  1 drivers
v0x5d5422f0ab20_0 .net "a11", 3 0, v0x5d5422f0c300_0;  1 drivers
v0x5d5422f0ac00_0 .net "b00", 3 0, v0x5d5422f0c3d0_0;  1 drivers
v0x5d5422f0ad30_0 .net "b01", 3 0, v0x5d5422f0c470_0;  1 drivers
v0x5d5422f0ae10_0 .net "b10", 3 0, v0x5d5422f0c540_0;  1 drivers
v0x5d5422f0aef0_0 .net "b11", 3 0, v0x5d5422f0c610_0;  1 drivers
v0x5d5422f0afd0_0 .net "c00", 8 0, v0x5d5422f088e0_0;  alias, 1 drivers
v0x5d5422f0b090_0 .net "c01", 8 0, v0x5d5422f09240_0;  alias, 1 drivers
v0x5d5422f0b160_0 .net "c10", 8 0, v0x5d5422f09b30_0;  alias, 1 drivers
v0x5d5422f0b230_0 .net "c11", 8 0, v0x5d5422f0a4f0_0;  alias, 1 drivers
v0x5d5422f0b300_0 .net "clk", 0 0, v0x5d5422f0cb20_0;  1 drivers
v0x5d5422f0b3a0_0 .net "col00", 3 0, v0x5d5422ec8070_0;  1 drivers
v0x5d5422f0b440_0 .net "col01", 3 0, v0x5d5422f09160_0;  1 drivers
v0x5d5422f0b500_0 .net "col10", 3 0, v0x5d5422f09a70_0;  1 drivers
v0x5d5422f0b5c0_0 .net "col11", 3 0, v0x5d5422f0a430_0;  1 drivers
v0x5d5422f0b660_0 .var "counter", 2 0;
v0x5d5422f0b720_0 .var "m0", 3 0;
v0x5d5422f0b810_0 .var "m1", 3 0;
v0x5d5422f0b8e0_0 .var "n0", 3 0;
v0x5d5422f0b9b0_0 .var "n1", 3 0;
v0x5d5422f0ba80_0 .net "row00", 3 0, v0x5d5422ec9d90_0;  1 drivers
v0x5d5422f0bb70_0 .net "row01", 3 0, v0x5d5422f08fe0_0;  1 drivers
v0x5d5422f0bc30_0 .net "row10", 3 0, v0x5d5422f098c0_0;  1 drivers
v0x5d5422f0bd20_0 .net "row11", 3 0, v0x5d5422f0a2d0_0;  1 drivers
v0x5d5422f0bde0_0 .net "rst_n", 0 0, v0x5d5422f0cbc0_0;  1 drivers
E_0x5d5422edcc40/0 .event anyedge, v0x5d5422f0b660_0, v0x5d5422f0ae10_0, v0x5d5422f0a980_0, v0x5d5422f0ac00_0;
E_0x5d5422edcc40/1 .event anyedge, v0x5d5422f0a880_0, v0x5d5422f0aef0_0, v0x5d5422f0ab20_0, v0x5d5422f0ad30_0;
E_0x5d5422edcc40/2 .event anyedge, v0x5d5422f0aa60_0;
E_0x5d5422edcc40 .event/or E_0x5d5422edcc40/0, E_0x5d5422edcc40/1, E_0x5d5422edcc40/2;
S_0x5d5422edfdb0 .scope module, "pe00" "pe" 3 76, 3 122 0, S_0x5d5422e98620;
 .timescale 0 0;
    .port_info 0 /INPUT 1 "clk";
    .port_info 1 /INPUT 1 "rst_n";
    .port_info 2 /INPUT 4 "a";
    .port_info 3 /INPUT 4 "b";
    .port_info 4 /OUTPUT 4 "a_p";
    .port_info 5 /OUTPUT 4 "b_p";
    .port_info 6 /OUTPUT 9 "c";
v0x5d5422eca5b0_0 .net "a", 3 0, v0x5d5422f0b720_0;  1 drivers
v0x5d5422ec9d90_0 .var "a_p", 3 0;
v0x5d5422ec8f00_0 .net "b", 3 0, v0x5d5422f0b8e0_0;  1 drivers
v0x5d5422ec8070_0 .var "b_p", 3 0;
v0x5d5422f088e0_0 .var "c", 8 0;
v0x5d5422f08a10_0 .net "clk", 0 0, v0x5d5422f0cb20_0;  alias, 1 drivers
v0x5d5422f08ad0_0 .net "rst_n", 0 0, v0x5d5422f0cbc0_0;  alias, 1 drivers
E_0x5d5422ede480 .event posedge, v0x5d5422f08a10_0;
S_0x5d5422f08c70 .scope module, "pe01" "pe" 3 87, 3 122 0, S_0x5d5422e98620;
 .timescale 0 0;
    .port_info 0 /INPUT 1 "clk";
    .port_info 1 /INPUT 1 "rst_n";
    .port_info 2 /INPUT 4 "a";
    .port_info 3 /INPUT 4 "b";
    .port_info 4 /OUTPUT 4 "a_p";
    .port_info 5 /OUTPUT 4 "b_p";
    .port_info 6 /OUTPUT 9 "c";
v0x5d5422f08f20_0 .net "a", 3 0, v0x5d5422ec9d90_0;  alias, 1 drivers
v0x5d5422f08fe0_0 .var "a_p", 3 0;
v0x5d5422f090a0_0 .net "b", 3 0, v0x5d5422f0b9b0_0;  1 drivers
v0x5d5422f09160_0 .var "b_p", 3 0;
v0x5d5422f09240_0 .var "c", 8 0;
v0x5d5422f09370_0 .net "clk", 0 0, v0x5d5422f0cb20_0;  alias, 1 drivers
v0x5d5422f09410_0 .net "rst_n", 0 0, v0x5d5422f0cbc0_0;  alias, 1 drivers
S_0x5d5422f09550 .scope module, "pe10" "pe" 3 98, 3 122 0, S_0x5d5422e98620;
 .timescale 0 0;
    .port_info 0 /INPUT 1 "clk";
    .port_info 1 /INPUT 1 "rst_n";
    .port_info 2 /INPUT 4 "a";
    .port_info 3 /INPUT 4 "b";
    .port_info 4 /OUTPUT 4 "a_p";
    .port_info 5 /OUTPUT 4 "b_p";
    .port_info 6 /OUTPUT 9 "c";
v0x5d5422f097e0_0 .net "a", 3 0, v0x5d5422f0b810_0;  1 drivers
v0x5d5422f098c0_0 .var "a_p", 3 0;
v0x5d5422f099a0_0 .net "b", 3 0, v0x5d5422ec8070_0;  alias, 1 drivers
v0x5d5422f09a70_0 .var "b_p", 3 0;
v0x5d5422f09b30_0 .var "c", 8 0;
v0x5d5422f09c60_0 .net "clk", 0 0, v0x5d5422f0cb20_0;  alias, 1 drivers
v0x5d5422f09d50_0 .net "rst_n", 0 0, v0x5d5422f0cbc0_0;  alias, 1 drivers
S_0x5d5422f09f60 .scope module, "pe11" "pe" 3 109, 3 122 0, S_0x5d5422e98620;
 .timescale 0 0;
    .port_info 0 /INPUT 1 "clk";
    .port_info 1 /INPUT 1 "rst_n";
    .port_info 2 /INPUT 4 "a";
    .port_info 3 /INPUT 4 "b";
    .port_info 4 /OUTPUT 4 "a_p";
    .port_info 5 /OUTPUT 4 "b_p";
    .port_info 6 /OUTPUT 9 "c";
v0x5d5422f0a1f0_0 .net "a", 3 0, v0x5d5422f098c0_0;  alias, 1 drivers
v0x5d5422f0a2d0_0 .var "a_p", 3 0;
v0x5d5422f0a390_0 .net "b", 3 0, v0x5d5422f09160_0;  alias, 1 drivers
v0x5d5422f0a430_0 .var "b_p", 3 0;
v0x5d5422f0a4f0_0 .var "c", 8 0;
v0x5d5422f0a620_0 .net "clk", 0 0, v0x5d5422f0cb20_0;  alias, 1 drivers
v0x5d5422f0a6c0_0 .net "rst_n", 0 0, v0x5d5422f0cbc0_0;  alias, 1 drivers
    .scope S_0x5d5422edfdb0;
T_0 ;
    %wait E_0x5d5422ede480;
    %load/vec4 v0x5d5422f08ad0_0;
    %nor/r;
    %flag_set/vec4 8;
    %jmp/0xz  T_0.0, 8;
    %pushi/vec4 0, 0, 4;
    %assign/vec4 v0x5d5422ec9d90_0, 0;
    %pushi/vec4 0, 0, 4;
    %assign/vec4 v0x5d5422ec8070_0, 0;
    %pushi/vec4 0, 0, 9;
    %assign/vec4 v0x5d5422f088e0_0, 0;
    %jmp T_0.1;
T_0.0 ;
    %load/vec4 v0x5d5422eca5b0_0;
    %assign/vec4 v0x5d5422ec9d90_0, 0;
    %load/vec4 v0x5d5422ec8f00_0;
    %assign/vec4 v0x5d5422ec8070_0, 0;
    %load/vec4 v0x5d5422f088e0_0;
    %load/vec4 v0x5d5422eca5b0_0;
    %pad/u 9;
    %load/vec4 v0x5d5422ec8f00_0;
    %pad/u 9;
    %mul;
    %add;
    %assign/vec4 v0x5d5422f088e0_0, 0;
T_0.1 ;
    %jmp T_0;
    .thread T_0;
    .scope S_0x5d5422f08c70;
T_1 ;
    %wait E_0x5d5422ede480;
    %load/vec4 v0x5d5422f09410_0;
    %nor/r;
    %flag_set/vec4 8;
    %jmp/0xz  T_1.0, 8;
    %pushi/vec4 0, 0, 4;
    %assign/vec4 v0x5d5422f08fe0_0, 0;
    %pushi/vec4 0, 0, 4;
    %assign/vec4 v0x5d5422f09160_0, 0;
    %pushi/vec4 0, 0, 9;
    %assign/vec4 v0x5d5422f09240_0, 0;
    %jmp T_1.1;
T_1.0 ;
    %load/vec4 v0x5d5422f08f20_0;
    %assign/vec4 v0x5d5422f08fe0_0, 0;
    %load/vec4 v0x5d5422f090a0_0;
    %assign/vec4 v0x5d5422f09160_0, 0;
    %load/vec4 v0x5d5422f09240_0;
    %load/vec4 v0x5d5422f08f20_0;
    %pad/u 9;
    %load/vec4 v0x5d5422f090a0_0;
    %pad/u 9;
    %mul;
    %add;
    %assign/vec4 v0x5d5422f09240_0, 0;
T_1.1 ;
    %jmp T_1;
    .thread T_1;
    .scope S_0x5d5422f09550;
T_2 ;
    %wait E_0x5d5422ede480;
    %load/vec4 v0x5d5422f09d50_0;
    %nor/r;
    %flag_set/vec4 8;
    %jmp/0xz  T_2.0, 8;
    %pushi/vec4 0, 0, 4;
    %assign/vec4 v0x5d5422f098c0_0, 0;
    %pushi/vec4 0, 0, 4;
    %assign/vec4 v0x5d5422f09a70_0, 0;
    %pushi/vec4 0, 0, 9;
    %assign/vec4 v0x5d5422f09b30_0, 0;
    %jmp T_2.1;
T_2.0 ;
    %load/vec4 v0x5d5422f097e0_0;
    %assign/vec4 v0x5d5422f098c0_0, 0;
    %load/vec4 v0x5d5422f099a0_0;
    %assign/vec4 v0x5d5422f09a70_0, 0;
    %load/vec4 v0x5d5422f09b30_0;
    %load/vec4 v0x5d5422f097e0_0;
    %pad/u 9;
    %load/vec4 v0x5d5422f099a0_0;
    %pad/u 9;
    %mul;
    %add;
    %assign/vec4 v0x5d5422f09b30_0, 0;
T_2.1 ;
    %jmp T_2;
    .thread T_2;
    .scope S_0x5d5422f09f60;
T_3 ;
    %wait E_0x5d5422ede480;
    %load/vec4 v0x5d5422f0a6c0_0;
    %nor/r;
    %flag_set/vec4 8;
    %jmp/0xz  T_3.0, 8;
    %pushi/vec4 0, 0, 4;
    %assign/vec4 v0x5d5422f0a2d0_0, 0;
    %pushi/vec4 0, 0, 4;
    %assign/vec4 v0x5d5422f0a430_0, 0;
    %pushi/vec4 0, 0, 9;
    %assign/vec4 v0x5d5422f0a4f0_0, 0;
    %jmp T_3.1;
T_3.0 ;
    %load/vec4 v0x5d5422f0a1f0_0;
    %assign/vec4 v0x5d5422f0a2d0_0, 0;
    %load/vec4 v0x5d5422f0a390_0;
    %assign/vec4 v0x5d5422f0a430_0, 0;
    %load/vec4 v0x5d5422f0a4f0_0;
    %load/vec4 v0x5d5422f0a1f0_0;
    %pad/u 9;
    %load/vec4 v0x5d5422f0a390_0;
    %pad/u 9;
    %mul;
    %add;
    %assign/vec4 v0x5d5422f0a4f0_0, 0;
T_3.1 ;
    %jmp T_3;
    .thread T_3;
    .scope S_0x5d5422e98620;
T_4 ;
    %wait E_0x5d5422ede480;
    %load/vec4 v0x5d5422f0bde0_0;
    %nor/r;
    %flag_set/vec4 8;
    %jmp/0xz  T_4.0, 8;
    %pushi/vec4 0, 0, 3;
    %assign/vec4 v0x5d5422f0b660_0, 0;
    %jmp T_4.1;
T_4.0 ;
    %load/vec4 v0x5d5422f0b660_0;
    %addi 1, 0, 3;
    %assign/vec4 v0x5d5422f0b660_0, 0;
T_4.1 ;
    %jmp T_4;
    .thread T_4;
    .scope S_0x5d5422e98620;
T_5 ;
    %wait E_0x5d5422edcc40;
    %load/vec4 v0x5d5422f0b660_0;
    %dup/vec4;
    %pushi/vec4 1, 0, 3;
    %cmp/u;
    %jmp/1 T_5.0, 6;
    %dup/vec4;
    %pushi/vec4 2, 0, 3;
    %cmp/u;
    %jmp/1 T_5.1, 6;
    %dup/vec4;
    %pushi/vec4 3, 0, 3;
    %cmp/u;
    %jmp/1 T_5.2, 6;
    %pushi/vec4 0, 0, 4;
    %store/vec4 v0x5d5422f0b8e0_0, 0, 4;
    %pushi/vec4 0, 0, 4;
    %store/vec4 v0x5d5422f0b720_0, 0, 4;
    %pushi/vec4 0, 0, 4;
    %store/vec4 v0x5d5422f0b9b0_0, 0, 4;
    %pushi/vec4 0, 0, 4;
    %store/vec4 v0x5d5422f0b810_0, 0, 4;
    %jmp T_5.4;
T_5.0 ;
    %load/vec4 v0x5d5422f0ae10_0;
    %store/vec4 v0x5d5422f0b8e0_0, 0, 4;
    %load/vec4 v0x5d5422f0a980_0;
    %store/vec4 v0x5d5422f0b720_0, 0, 4;
    %pushi/vec4 0, 0, 4;
    %store/vec4 v0x5d5422f0b9b0_0, 0, 4;
    %pushi/vec4 0, 0, 4;
    %store/vec4 v0x5d5422f0b810_0, 0, 4;
    %jmp T_5.4;
T_5.1 ;
    %load/vec4 v0x5d5422f0ac00_0;
    %store/vec4 v0x5d5422f0b8e0_0, 0, 4;
    %load/vec4 v0x5d5422f0a880_0;
    %store/vec4 v0x5d5422f0b720_0, 0, 4;
    %load/vec4 v0x5d5422f0aef0_0;
    %store/vec4 v0x5d5422f0b9b0_0, 0, 4;
    %load/vec4 v0x5d5422f0ab20_0;
    %store/vec4 v0x5d5422f0b810_0, 0, 4;
    %jmp T_5.4;
T_5.2 ;
    %pushi/vec4 0, 0, 4;
    %store/vec4 v0x5d5422f0b8e0_0, 0, 4;
    %pushi/vec4 0, 0, 4;
    %store/vec4 v0x5d5422f0b720_0, 0, 4;
    %load/vec4 v0x5d5422f0ad30_0;
    %store/vec4 v0x5d5422f0b9b0_0, 0, 4;
    %load/vec4 v0x5d5422f0aa60_0;
    %store/vec4 v0x5d5422f0b810_0, 0, 4;
    %jmp T_5.4;
T_5.4 ;
    %pop/vec4 1;
    %jmp T_5;
    .thread T_5, $push;
    .scope S_0x5d5422e98490;
T_6 ;
    %pushi/vec4 0, 0, 1;
    %store/vec4 v0x5d5422f0cb20_0, 0, 1;
    %end;
    .thread T_6;
    .scope S_0x5d5422e98490;
T_7 ;
    %delay 5000, 0;
    %load/vec4 v0x5d5422f0cb20_0;
    %inv;
    %store/vec4 v0x5d5422f0cb20_0, 0, 1;
    %jmp T_7;
    .thread T_7;
    .scope S_0x5d5422e98490;
T_8 ;
    %vpi_call 2 33 "$dumpfile", "sim/waveform.vcd" {0 0 0};
    %vpi_call 2 34 "$dumpvars", 32'sb00000000000000000000000000000000, S_0x5d5422e98490 {0 0 0};
    %pushi/vec4 0, 0, 1;
    %store/vec4 v0x5d5422f0cbc0_0, 0, 1;
    %pushi/vec4 0, 0, 16;
    %split/vec4 4;
    %store/vec4 v0x5d5422f0c300_0, 0, 4;
    %split/vec4 4;
    %store/vec4 v0x5d5422f0c200_0, 0, 4;
    %split/vec4 4;
    %store/vec4 v0x5d5422f0c130_0, 0, 4;
    %store/vec4 v0x5d5422f0c020_0, 0, 4;
    %pushi/vec4 0, 0, 16;
    %split/vec4 4;
    %store/vec4 v0x5d5422f0c610_0, 0, 4;
    %split/vec4 4;
    %store/vec4 v0x5d5422f0c540_0, 0, 4;
    %split/vec4 4;
    %store/vec4 v0x5d5422f0c470_0, 0, 4;
    %store/vec4 v0x5d5422f0c3d0_0, 0, 4;
    %delay 15000, 0;
    %pushi/vec4 1, 0, 1;
    %store/vec4 v0x5d5422f0cbc0_0, 0, 1;
    %wait E_0x5d5422ede3e0;
    %pushi/vec4 1, 0, 4;
    %store/vec4 v0x5d5422f0c020_0, 0, 4;
    %pushi/vec4 2, 0, 4;
    %store/vec4 v0x5d5422f0c130_0, 0, 4;
    %pushi/vec4 2, 0, 4;
    %store/vec4 v0x5d5422f0c200_0, 0, 4;
    %pushi/vec4 3, 0, 4;
    %store/vec4 v0x5d5422f0c300_0, 0, 4;
    %pushi/vec4 1, 0, 4;
    %store/vec4 v0x5d5422f0c3d0_0, 0, 4;
    %pushi/vec4 3, 0, 4;
    %store/vec4 v0x5d5422f0c470_0, 0, 4;
    %pushi/vec4 1, 0, 4;
    %store/vec4 v0x5d5422f0c540_0, 0, 4;
    %pushi/vec4 2, 0, 4;
    %store/vec4 v0x5d5422f0c610_0, 0, 4;
    %delay 60000, 0;
    %vpi_call 2 70 "$display", "----------------------------------------" {0 0 0};
    %vpi_call 2 71 "$display", "Time: %0t | Negedge Data Push Test Results:", $time {0 0 0};
    %vpi_call 2 72 "$display", "Matrix C = A * B" {0 0 0};
    %vpi_call 2 73 "$display", "Calculated C = [%d  %d]", v0x5d5422f0c6e0_0, v0x5d5422f0c810_0 {0 0 0};
    %vpi_call 2 74 "$display", "               [%d  %d]", v0x5d5422f0c900_0, v0x5d5422f0ca10_0 {0 0 0};
    %vpi_call 2 75 "$display", "Expected   C = [3   7]" {0 0 0};
    %vpi_call 2 76 "$display", "               [5  12]" {0 0 0};
    %load/vec4 v0x5d5422f0c6e0_0;
    %cmpi/e 3, 0, 9;
    %flag_get/vec4 4;
    %jmp/0 T_8.4, 4;
    %load/vec4 v0x5d5422f0c810_0;
    %pushi/vec4 7, 0, 9;
    %cmp/e;
    %flag_get/vec4 4;
    %and;
T_8.4;
    %flag_set/vec4 10;
    %flag_get/vec4 10;
    %jmp/0 T_8.3, 10;
    %load/vec4 v0x5d5422f0c900_0;
    %pushi/vec4 5, 0, 9;
    %cmp/e;
    %flag_get/vec4 4;
    %and;
T_8.3;
    %flag_set/vec4 9;
    %flag_get/vec4 9;
    %jmp/0 T_8.2, 9;
    %load/vec4 v0x5d5422f0ca10_0;
    %pushi/vec4 12, 0, 9;
    %cmp/e;
    %flag_get/vec4 4;
    %and;
T_8.2;
    %flag_set/vec4 8;
    %jmp/0xz  T_8.0, 8;
    %vpi_call 2 80 "$display", "Status: PASSED" {0 0 0};
    %jmp T_8.1;
T_8.0 ;
    %vpi_call 2 82 "$display", "Status: FAILED - Output does not match expected values." {0 0 0};
T_8.1 ;
    %vpi_call 2 84 "$display", "----------------------------------------" {0 0 0};
    %delay 20000, 0;
    %vpi_call 2 88 "$finish" {0 0 0};
    %end;
    .thread T_8;
# The file index is used to find the file name in the following table.
:file_names 4;
    "N/A";
    "<interactive>";
    "tb/tb_systolic2x2.v";
    "rtl/systolic2x2.v";
