#! /usr/bin/vvp
:ivl_version "12.0 (stable)";
:ivl_delay_selection "TYPICAL";
:vpi_time_precision - 9;
:vpi_module "/usr/lib/x86_64-linux-gnu/ivl/system.vpi";
:vpi_module "/usr/lib/x86_64-linux-gnu/ivl/vhdl_sys.vpi";
:vpi_module "/usr/lib/x86_64-linux-gnu/ivl/vhdl_textio.vpi";
:vpi_module "/usr/lib/x86_64-linux-gnu/ivl/v2005_math.vpi";
:vpi_module "/usr/lib/x86_64-linux-gnu/ivl/va_math.vpi";
S_0x563f16aa3020 .scope module, "palette" "palette" 2 19;
 .timescale 0 0;
    .port_info 0 /INPUT 3 "color_index";
    .port_info 1 /OUTPUT 6 "rrggbb";
L_0x563f16aa0140 .functor BUFZ 6, L_0x563f16b038d0, C4<000000>, C4<000000>, C4<000000>;
v0x563f16ab94b0_0 .net *"_ivl_0", 5 0, L_0x563f16b038d0;  1 drivers
v0x563f16a127b0_0 .net *"_ivl_2", 4 0, L_0x563f16b039f0;  1 drivers
L_0x7f17097cc018 .functor BUFT 1, C4<00>, C4<0>, C4<0>, C4<0>;
v0x563f16a12930_0 .net *"_ivl_5", 1 0, L_0x7f17097cc018;  1 drivers
o0x7f17098150a8 .functor BUFZ 3, C4<zzz>; HiZ drive
v0x563f16a8f3b0_0 .net "color_index", 2 0, o0x7f17098150a8;  0 drivers
v0x563f16a927e0 .array "palette", 0 7, 5 0;
v0x563f16acd6d0_0 .net "rrggbb", 5 0, L_0x563f16aa0140;  1 drivers
L_0x563f16b038d0 .array/port v0x563f16a927e0, L_0x563f16b039f0;
L_0x563f16b039f0 .concat [ 3 2 0 0], o0x7f17098150a8, L_0x7f17097cc018;
S_0x563f16abcf70 .scope module, "tb_dino" "tb_dino" 3 3;
 .timescale -9 -9;
v0x563f16af6c40_0 .var "abs_x", 9 0;
v0x563f16af6d30_0 .var "abs_y", 9 0;
v0x563f16af6e00_0 .var "clk", 0 0;
v0x563f16af6f00_0 .var "command", 0 0;
v0x563f16af6fd0_0 .net "draw_dino", 0 0, L_0x563f16a8f250;  1 drivers
v0x563f16af70c0_0 .var "game_over", 0 0;
v0x563f16af7190_0 .var "prev_y", 9 0;
v0x563f16af7230_0 .var "rst_n", 0 0;
v0x563f16af7300_0 .net "state", 0 0, v0x563f16af68c0_0;  1 drivers
v0x563f16af73d0_0 .var/i "x", 31 0;
v0x563f16af7470_0 .var/i "y", 31 0;
S_0x563f16af2e30 .scope begin, "TEST" "TEST" 3 37, 3 37 0, S_0x563f16abcf70;
 .timescale -9 -9;
E_0x563f16a27810 .event posedge, v0x563f16af5f60_0;
S_0x563f16af3050 .scope module, "dino_i" "c_dino" 3 15, 4 4 0, S_0x563f16abcf70;
 .timescale 0 0;
    .port_info 0 /INPUT 1 "clk";
    .port_info 1 /INPUT 10 "abs_x";
    .port_info 2 /INPUT 10 "abs_y";
    .port_info 3 /INPUT 1 "rst_n";
    .port_info 4 /INPUT 1 "game_over";
    .port_info 5 /OUTPUT 1 "draw_dino";
    .port_info 6 /OUTPUT 1 "state";
    .port_info 7 /INPUT 1 "command";
P_0x563f16af3250 .param/l "DINO_H" 0 4 22, +C4<0000000000000000000000000000000000000000000000000000000000101000>;
P_0x563f16af3290 .param/l "DINO_SIZE" 0 4 19, +C4<00000000000000000000000000010100>;
P_0x563f16af32d0 .param/l "DINO_START_Y" 1 4 24, +C4<00000000000000000000000000000000000000000000000000000000101111100>;
P_0x563f16af3310 .param/l "DINO_W" 0 4 21, +C4<0000000000000000000000000000000000000000000000000000000000101000>;
P_0x563f16af3350 .param/l "DINO_X" 0 4 23, +C4<00000000000000000000000000111100>;
P_0x563f16af3390 .param/l "GROUND_Y" 0 4 16, +C4<00000000000000000000000110100100>;
P_0x563f16af33d0 .param/l "ZOOM" 0 4 20, +C4<00000000000000000000000000000010>;
L_0x563f16ab9350 .functor AND 1, L_0x563f16b13d30, L_0x563f16b14030, C4<1>, C4<1>;
L_0x563f16b151a0 .functor AND 1, L_0x563f16b152a0, L_0x563f16b15590, C4<1>, C4<1>;
L_0x563f16a769c0 .functor AND 1, L_0x563f16b151a0, L_0x563f16b15770, C4<1>, C4<1>;
L_0x563f16a76c00 .functor AND 1, L_0x563f16a769c0, L_0x563f16b15d80, C4<1>, C4<1>;
L_0x563f16a8f250 .functor AND 1, L_0x563f16a76c00, L_0x563f16b14cf0, C4<1>, C4<1>;
v0x563f16af43c0_0 .net *"_ivl_0", 31 0, L_0x563f16b03b60;  1 drivers
L_0x7f17097cc0f0 .functor BUFT 1, C4<0000000000000000000000>, C4<0>, C4<0>, C4<0>;
v0x563f16af44a0_0 .net *"_ivl_11", 21 0, L_0x7f17097cc0f0;  1 drivers
L_0x7f17097cc138 .functor BUFT 1, C4<00000000000000000000000000000000>, C4<0>, C4<0>, C4<0>;
v0x563f16af4580_0 .net/2u *"_ivl_12", 31 0, L_0x7f17097cc138;  1 drivers
v0x563f16af4640_0 .net *"_ivl_14", 0 0, L_0x563f16b14030;  1 drivers
v0x563f16af4700_0 .net *"_ivl_20", 31 0, L_0x563f16b142e0;  1 drivers
L_0x7f17097cc180 .functor BUFT 1, C4<0000000000000000000000>, C4<0>, C4<0>, C4<0>;
v0x563f16af47e0_0 .net *"_ivl_23", 21 0, L_0x7f17097cc180;  1 drivers
L_0x7f17097cc1c8 .functor BUFT 1, C4<00000000000000000000000000111100>, C4<0>, C4<0>, C4<0>;
v0x563f16af48c0_0 .net/2u *"_ivl_24", 31 0, L_0x7f17097cc1c8;  1 drivers
v0x563f16af49a0_0 .net *"_ivl_26", 31 0, L_0x563f16b14410;  1 drivers
L_0x7f17097cc060 .functor BUFT 1, C4<0000000000000000000000>, C4<0>, C4<0>, C4<0>;
v0x563f16af4a80_0 .net *"_ivl_3", 21 0, L_0x7f17097cc060;  1 drivers
v0x563f16af4b60_0 .net *"_ivl_36", 31 0, L_0x563f16b15100;  1 drivers
L_0x7f17097cc258 .functor BUFT 1, C4<0000000000000000000000>, C4<0>, C4<0>, C4<0>;
v0x563f16af4c40_0 .net *"_ivl_39", 21 0, L_0x7f17097cc258;  1 drivers
L_0x7f17097cc0a8 .functor BUFT 1, C4<00000000000000000000000000000000>, C4<0>, C4<0>, C4<0>;
v0x563f16af4d20_0 .net/2u *"_ivl_4", 31 0, L_0x7f17097cc0a8;  1 drivers
L_0x7f17097cc2a0 .functor BUFT 1, C4<00000000000000000000000000111100>, C4<0>, C4<0>, C4<0>;
v0x563f16af4e00_0 .net/2u *"_ivl_40", 31 0, L_0x7f17097cc2a0;  1 drivers
v0x563f16af4ee0_0 .net *"_ivl_42", 0 0, L_0x563f16b152a0;  1 drivers
v0x563f16af4fa0_0 .net *"_ivl_44", 63 0, L_0x563f16b15390;  1 drivers
L_0x7f17097cc2e8 .functor BUFT 1, C4<000000000000000000000000000000000000000000000000000000>, C4<0>, C4<0>, C4<0>;
v0x563f16af5080_0 .net *"_ivl_47", 53 0, L_0x7f17097cc2e8;  1 drivers
L_0x7f17097cc330 .functor BUFT 1, C4<0000000000000000000000000000000000000000000000000000000001100100>, C4<0>, C4<0>, C4<0>;
v0x563f16af5160_0 .net/2u *"_ivl_48", 63 0, L_0x7f17097cc330;  1 drivers
v0x563f16af5240_0 .net *"_ivl_50", 0 0, L_0x563f16b15590;  1 drivers
v0x563f16af5300_0 .net *"_ivl_53", 0 0, L_0x563f16b151a0;  1 drivers
v0x563f16af53c0_0 .net *"_ivl_54", 0 0, L_0x563f16b15770;  1 drivers
v0x563f16af5480_0 .net *"_ivl_57", 0 0, L_0x563f16a769c0;  1 drivers
v0x563f16af5540_0 .net *"_ivl_58", 63 0, L_0x563f16b15980;  1 drivers
v0x563f16af5620_0 .net *"_ivl_6", 0 0, L_0x563f16b13d30;  1 drivers
L_0x7f17097cc378 .functor BUFT 1, C4<000000000000000000000000000000000000000000000000000000>, C4<0>, C4<0>, C4<0>;
v0x563f16af56e0_0 .net *"_ivl_61", 53 0, L_0x7f17097cc378;  1 drivers
v0x563f16af57c0_0 .net *"_ivl_62", 63 0, L_0x563f16b15a70;  1 drivers
L_0x7f17097cc3c0 .functor BUFT 1, C4<000000000000000000000000000000000000000000000000000000>, C4<0>, C4<0>, C4<0>;
v0x563f16af58a0_0 .net *"_ivl_65", 53 0, L_0x7f17097cc3c0;  1 drivers
L_0x7f17097cc408 .functor BUFT 1, C4<0000000000000000000000000000000000000000000000000000000000101000>, C4<0>, C4<0>, C4<0>;
v0x563f16af5980_0 .net/2u *"_ivl_66", 63 0, L_0x7f17097cc408;  1 drivers
v0x563f16af5a60_0 .net *"_ivl_68", 63 0, L_0x563f16b15c40;  1 drivers
v0x563f16af5b40_0 .net *"_ivl_70", 0 0, L_0x563f16b15d80;  1 drivers
v0x563f16af5c00_0 .net *"_ivl_73", 0 0, L_0x563f16a76c00;  1 drivers
v0x563f16af5cc0_0 .net *"_ivl_8", 31 0, L_0x563f16b13ea0;  1 drivers
v0x563f16af5da0_0 .net "abs_x", 9 0, v0x563f16af6c40_0;  1 drivers
v0x563f16af5e80_0 .net "abs_y", 9 0, v0x563f16af6d30_0;  1 drivers
v0x563f16af5f60_0 .net "clk", 0 0, v0x563f16af6e00_0;  1 drivers
v0x563f16af6020_0 .net "command", 0 0, v0x563f16af6f00_0;  1 drivers
v0x563f16af60e0_0 .net "dino_pixel_on", 0 0, L_0x563f16b14cf0;  1 drivers
v0x563f16af6180_0 .var/s "dino_vy", 10 0;
v0x563f16af6240_0 .net "dino_y", 9 0, L_0x563f16b14240;  1 drivers
v0x563f16af6320_0 .var/s "dino_y_reg", 10 0;
v0x563f16af6400_0 .net "draw_dino", 0 0, L_0x563f16a8f250;  alias, 1 drivers
v0x563f16af64c0_0 .net "frame_tick", 0 0, L_0x563f16ab9350;  1 drivers
v0x563f16af6580_0 .net "game_over", 0 0, v0x563f16af70c0_0;  1 drivers
v0x563f16af6640_0 .net "local_dino_x", 9 0, L_0x563f16b14550;  1 drivers
v0x563f16af6720_0 .net "local_dino_y", 9 0, L_0x563f16b14690;  1 drivers
v0x563f16af6800_0 .net "rst_n", 0 0, v0x563f16af7230_0;  1 drivers
v0x563f16af68c0_0 .var "state", 0 0;
L_0x563f16b03b60 .concat [ 10 22 0 0], v0x563f16af6c40_0, L_0x7f17097cc060;
L_0x563f16b13d30 .cmp/eq 32, L_0x563f16b03b60, L_0x7f17097cc0a8;
L_0x563f16b13ea0 .concat [ 10 22 0 0], v0x563f16af6d30_0, L_0x7f17097cc0f0;
L_0x563f16b14030 .cmp/eq 32, L_0x563f16b13ea0, L_0x7f17097cc138;
L_0x563f16b14240 .part v0x563f16af6320_0, 0, 10;
L_0x563f16b142e0 .concat [ 10 22 0 0], v0x563f16af6c40_0, L_0x7f17097cc180;
L_0x563f16b14410 .arith/sub 32, L_0x563f16b142e0, L_0x7f17097cc1c8;
L_0x563f16b14550 .part L_0x563f16b14410, 0, 10;
L_0x563f16b14690 .arith/sub 10, v0x563f16af6d30_0, L_0x563f16b14240;
L_0x563f16b14ec0 .part L_0x563f16b14550, 1, 5;
L_0x563f16b15010 .part L_0x563f16b14690, 1, 5;
L_0x563f16b15100 .concat [ 10 22 0 0], v0x563f16af6c40_0, L_0x7f17097cc258;
L_0x563f16b152a0 .cmp/ge 32, L_0x563f16b15100, L_0x7f17097cc2a0;
L_0x563f16b15390 .concat [ 10 54 0 0], v0x563f16af6c40_0, L_0x7f17097cc2e8;
L_0x563f16b15590 .cmp/gt 64, L_0x7f17097cc330, L_0x563f16b15390;
L_0x563f16b15770 .cmp/ge 10, v0x563f16af6d30_0, L_0x563f16b14240;
L_0x563f16b15980 .concat [ 10 54 0 0], v0x563f16af6d30_0, L_0x7f17097cc378;
L_0x563f16b15a70 .concat [ 10 54 0 0], L_0x563f16b14240, L_0x7f17097cc3c0;
L_0x563f16b15c40 .arith/sum 64, L_0x563f16b15a70, L_0x7f17097cc408;
L_0x563f16b15d80 .cmp/gt 64, L_0x563f16b15c40, L_0x563f16b15980;
S_0x563f16af3890 .scope module, "my_dino" "dino_sprite" 4 73, 5 3 0, S_0x563f16af3050;
 .timescale 0 0;
    .port_info 0 /INPUT 5 "x";
    .port_info 1 /INPUT 5 "y";
    .port_info 2 /OUTPUT 1 "pixel";
v0x563f16a5eae0_0 .net *"_ivl_1", 1 0, L_0x563f16b14780;  1 drivers
v0x563f16af3b40_0 .net *"_ivl_11", 2 0, L_0x563f16b14c00;  1 drivers
v0x563f16af3c20_0 .net *"_ivl_4", 7 0, L_0x563f16b14940;  1 drivers
v0x563f16af3d10_0 .net *"_ivl_6", 7 0, L_0x563f16b14a40;  1 drivers
L_0x7f17097cc210 .functor BUFT 1, C4<0>, C4<0>, C4<0>, C4<0>;
v0x563f16af3df0_0 .net *"_ivl_9", 0 0, L_0x7f17097cc210;  1 drivers
v0x563f16af3f20_0 .net "addr", 6 0, L_0x563f16b14820;  1 drivers
v0x563f16af4000 .array "mem", 0 79, 7 0;
v0x563f16af40c0_0 .net "pixel", 0 0, L_0x563f16b14cf0;  alias, 1 drivers
v0x563f16af4180_0 .net "x", 4 0, L_0x563f16b14ec0;  1 drivers
v0x563f16af4260_0 .net "y", 4 0, L_0x563f16b15010;  1 drivers
L_0x563f16b14780 .part L_0x563f16b14ec0, 3, 2;
L_0x563f16b14820 .concat [ 2 5 0 0], L_0x563f16b14780, L_0x563f16b15010;
L_0x563f16b14940 .array/port v0x563f16af4000, L_0x563f16b14a40;
L_0x563f16b14a40 .concat [ 7 1 0 0], L_0x563f16b14820, L_0x7f17097cc210;
L_0x563f16b14c00 .part L_0x563f16b14ec0, 0, 3;
L_0x563f16b14cf0 .part/v L_0x563f16b14940, L_0x563f16b14c00, 1;
S_0x563f16af6a80 .scope task, "pump_frametick" "pump_frametick" 3 28, 3 28 0, S_0x563f16abcf70;
 .timescale -9 -9;
TD_tb_dino.pump_frametick ;
    %pushi/vec4 1, 0, 1;
    %force/vec4 v0x563f16af64c0_0;
    %wait E_0x563f16a27810;
    %pushi/vec4 0, 0, 1;
    %force/vec4 v0x563f16af64c0_0;
    %wait E_0x563f16a27810;
    %end;
S_0x563f16aa50b0 .scope module, "top_module" "top_module" 6 4;
 .timescale 0 0;
    .port_info 0 /INPUT 1 "clk";
    .port_info 1 /OUTPUT 1 "hsync";
    .port_info 2 /OUTPUT 1 "vsync";
    .port_info 3 /OUTPUT 1 "video_active";
    .port_info 4 /OUTPUT 2 "r";
    .port_info 5 /OUTPUT 2 "g";
    .port_info 6 /OUTPUT 2 "b";
    .port_info 7 /INPUT 1 "rst_n";
    .port_info 8 /INPUT 8 "SW";
P_0x563f16a2f700 .param/l "GROUND_Y" 0 6 52, +C4<00000000000000000000000110100100>;
o0x7f1709818078 .functor BUFZ 1, C4<z>; HiZ drive
L_0x563f16b16b10 .functor NOT 1, o0x7f1709818078, C4<0>, C4<0>, C4<0>;
L_0x563f16b1b3c0 .functor OR 1, L_0x563f16b1b050, L_0x563f16b1b280, C4<0>, C4<0>;
L_0x563f16b1b650 .functor AND 1, L_0x563f16b1b4d0, L_0x563f16b1b570, C4<1>, C4<1>;
L_0x563f16b1b760 .functor AND 1, v0x563f16b02f40_0, L_0x563f16b1b650, C4<1>, C4<1>;
L_0x563f16b1b940 .functor AND 1, o0x7f1709818078, L_0x563f16b1b850, C4<1>, C4<1>;
L_0x563f16b1bf10 .functor AND 1, L_0x563f16b1bb90, L_0x563f16b1bdd0, C4<1>, C4<1>;
L_0x563f16b1c100 .functor AND 1, L_0x563f16b1c1c0, L_0x563f16b1c600, C4<1>, C4<1>;
o0x7f1709817928 .functor BUFZ 8, C4<zzzzzzzz>; HiZ drive
v0x563f16b00b70_0 .net "SW", 7 0, o0x7f1709817928;  0 drivers
v0x563f16b00c70_0 .net *"_ivl_10", 31 0, L_0x563f16b1b190;  1 drivers
L_0x7f17097cce28 .functor BUFT 1, C4<0000000000000000000000>, C4<0>, C4<0>, C4<0>;
v0x563f16b00d50_0 .net *"_ivl_13", 21 0, L_0x7f17097cce28;  1 drivers
L_0x7f17097cce70 .functor BUFT 1, C4<00000000000000000000000110100101>, C4<0>, C4<0>, C4<0>;
v0x563f16b00e10_0 .net/2u *"_ivl_14", 31 0, L_0x7f17097cce70;  1 drivers
v0x563f16b00ef0_0 .net *"_ivl_16", 0 0, L_0x563f16b1b280;  1 drivers
v0x563f16b01000_0 .net *"_ivl_2", 31 0, L_0x563f16b1af60;  1 drivers
v0x563f16b010e0_0 .net *"_ivl_21", 0 0, L_0x563f16b1b4d0;  1 drivers
v0x563f16b011a0_0 .net *"_ivl_23", 0 0, L_0x563f16b1b570;  1 drivers
v0x563f16b01280_0 .net *"_ivl_26", 0 0, L_0x563f16b1b760;  1 drivers
v0x563f16b01360_0 .net *"_ivl_29", 0 0, L_0x563f16b1b850;  1 drivers
v0x563f16b01420_0 .net *"_ivl_32", 31 0, L_0x563f16b1ba50;  1 drivers
L_0x7f17097cceb8 .functor BUFT 1, C4<0000000000000000000000000000000>, C4<0>, C4<0>, C4<0>;
v0x563f16b01500_0 .net *"_ivl_35", 30 0, L_0x7f17097cceb8;  1 drivers
L_0x7f17097ccf00 .functor BUFT 1, C4<00000000000000000000000000000001>, C4<0>, C4<0>, C4<0>;
v0x563f16b015e0_0 .net/2u *"_ivl_36", 31 0, L_0x7f17097ccf00;  1 drivers
v0x563f16b016c0_0 .net *"_ivl_38", 0 0, L_0x563f16b1bb90;  1 drivers
v0x563f16b01780_0 .net *"_ivl_40", 31 0, L_0x563f16b1bcd0;  1 drivers
L_0x7f17097ccf48 .functor BUFT 1, C4<0000000000000000000000000000000>, C4<0>, C4<0>, C4<0>;
v0x563f16b01860_0 .net *"_ivl_43", 30 0, L_0x7f17097ccf48;  1 drivers
L_0x7f17097ccf90 .functor BUFT 1, C4<00000000000000000000000000000001>, C4<0>, C4<0>, C4<0>;
v0x563f16b01940_0 .net/2u *"_ivl_44", 31 0, L_0x7f17097ccf90;  1 drivers
v0x563f16b01b30_0 .net *"_ivl_46", 0 0, L_0x563f16b1bdd0;  1 drivers
L_0x7f17097ccd98 .functor BUFT 1, C4<0000000000000000000000>, C4<0>, C4<0>, C4<0>;
v0x563f16b01bf0_0 .net *"_ivl_5", 21 0, L_0x7f17097ccd98;  1 drivers
v0x563f16b01cd0_0 .net *"_ivl_50", 31 0, L_0x563f16b1c060;  1 drivers
L_0x7f17097ccfd8 .functor BUFT 1, C4<0000000000000000000000>, C4<0>, C4<0>, C4<0>;
v0x563f16b01db0_0 .net *"_ivl_53", 21 0, L_0x7f17097ccfd8;  1 drivers
L_0x7f17097cd020 .functor BUFT 1, C4<00000000000000000000000000000000>, C4<0>, C4<0>, C4<0>;
v0x563f16b01e90_0 .net/2u *"_ivl_54", 31 0, L_0x7f17097cd020;  1 drivers
v0x563f16b01f70_0 .net *"_ivl_56", 0 0, L_0x563f16b1c1c0;  1 drivers
v0x563f16b02030_0 .net *"_ivl_58", 31 0, L_0x563f16b1c300;  1 drivers
L_0x7f17097ccde0 .functor BUFT 1, C4<00000000000000000000000110100100>, C4<0>, C4<0>, C4<0>;
v0x563f16b02110_0 .net/2u *"_ivl_6", 31 0, L_0x7f17097ccde0;  1 drivers
L_0x7f17097cd068 .functor BUFT 1, C4<0000000000000000000000>, C4<0>, C4<0>, C4<0>;
v0x563f16b021f0_0 .net *"_ivl_61", 21 0, L_0x7f17097cd068;  1 drivers
L_0x7f17097cd0b0 .functor BUFT 1, C4<00000000000000000000000000000000>, C4<0>, C4<0>, C4<0>;
v0x563f16b022d0_0 .net/2u *"_ivl_62", 31 0, L_0x7f17097cd0b0;  1 drivers
v0x563f16b023b0_0 .net *"_ivl_64", 0 0, L_0x563f16b1c600;  1 drivers
v0x563f16b02470_0 .net *"_ivl_8", 0 0, L_0x563f16b1b050;  1 drivers
v0x563f16b02530_0 .var "b", 1 0;
o0x7f1709816608 .functor BUFZ 1, C4<z>; HiZ drive
v0x563f16b02610_0 .net "clk", 0 0, o0x7f1709816608;  0 drivers
v0x563f16b026b0_0 .net "collision", 0 0, L_0x563f16b1bf10;  1 drivers
v0x563f16b02770_0 .var "collision_latched", 0 0;
v0x563f16b02a40_0 .net "draw_cactus", 0 0, L_0x563f16b1ae50;  1 drivers
v0x563f16b02ae0_0 .net "draw_dino", 0 0, L_0x563f16b19090;  1 drivers
v0x563f16b02b80_0 .net "draw_ground", 0 0, L_0x563f16b1b3c0;  1 drivers
v0x563f16b02c20_0 .net "edge_detector", 0 0, L_0x563f16b1b650;  1 drivers
v0x563f16b02cc0_0 .var "frame_count", 5 0;
v0x563f16b02da0_0 .net "frame_tick", 0 0, L_0x563f16b1c100;  1 drivers
v0x563f16b02e60_0 .var "g", 1 0;
v0x563f16b02f40_0 .var "game_over", 0 0;
v0x563f16b02fe0_0 .net "hsync", 0 0, v0x563f16b00790_0;  1 drivers
v0x563f16b03080_0 .var "jump_latch", 0 0;
v0x563f16b03120_0 .net "jumping", 0 0, v0x563f16afe6d0_0;  1 drivers
v0x563f16b031c0_0 .net "pix_x", 9 0, v0x563f16b00350_0;  1 drivers
v0x563f16b03260_0 .net "pix_y", 9 0, v0x563f16b00410_0;  1 drivers
v0x563f16b03300_0 .var "prev_sw", 0 0;
v0x563f16b033a0_0 .var "r", 1 0;
v0x563f16b03480_0 .net "reset_n", 0 0, L_0x563f16b1b940;  1 drivers
v0x563f16b03570_0 .net "rst_n", 0 0, o0x7f1709818078;  0 drivers
v0x563f16b03630_0 .net "video_active", 0 0, L_0x563f16b169b0;  1 drivers
v0x563f16b036d0_0 .net "vsync", 0 0, v0x563f16b009d0_0;  1 drivers
L_0x563f16b1af60 .concat [ 10 22 0 0], v0x563f16b00410_0, L_0x7f17097ccd98;
L_0x563f16b1b050 .cmp/eq 32, L_0x563f16b1af60, L_0x7f17097ccde0;
L_0x563f16b1b190 .concat [ 10 22 0 0], v0x563f16b00410_0, L_0x7f17097cce28;
L_0x563f16b1b280 .cmp/eq 32, L_0x563f16b1b190, L_0x7f17097cce70;
L_0x563f16b1b4d0 .reduce/nor v0x563f16b03300_0;
L_0x563f16b1b570 .part o0x7f1709817928, 0, 1;
L_0x563f16b1b850 .reduce/nor L_0x563f16b1b760;
L_0x563f16b1ba50 .concat [ 1 31 0 0], L_0x563f16b19090, L_0x7f17097cceb8;
L_0x563f16b1bb90 .cmp/eq 32, L_0x563f16b1ba50, L_0x7f17097ccf00;
L_0x563f16b1bcd0 .concat [ 1 31 0 0], L_0x563f16b1ae50, L_0x7f17097ccf48;
L_0x563f16b1bdd0 .cmp/eq 32, L_0x563f16b1bcd0, L_0x7f17097ccf90;
L_0x563f16b1c060 .concat [ 10 22 0 0], v0x563f16b00350_0, L_0x7f17097ccfd8;
L_0x563f16b1c1c0 .cmp/eq 32, L_0x563f16b1c060, L_0x7f17097cd020;
L_0x563f16b1c300 .concat [ 10 22 0 0], v0x563f16b00410_0, L_0x7f17097cd068;
L_0x563f16b1c600 .cmp/eq 32, L_0x563f16b1c300, L_0x7f17097cd0b0;
S_0x563f16af7510 .scope module, "cactus_inst" "c_cactus" 6 43, 7 3 0, S_0x563f16aa50b0;
 .timescale 0 0;
    .port_info 0 /INPUT 1 "clk";
    .port_info 1 /INPUT 10 "abs_x";
    .port_info 2 /INPUT 10 "abs_y";
    .port_info 3 /OUTPUT 1 "draw_cactus";
    .port_info 4 /INPUT 1 "game_over";
    .port_info 5 /INPUT 1 "rst_n";
P_0x563f16af76a0 .param/l "CAC_H" 0 7 17, +C4<0000000000000000000000000000000000000000000000000000000000101000>;
P_0x563f16af76e0 .param/l "CAC_SPEED" 0 7 19, +C4<00000000000000000000000000000110>;
P_0x563f16af7720 .param/l "CAC_START_X" 0 7 18, +C4<00000000000000000000001010000000>;
P_0x563f16af7760 .param/l "CAC_W" 0 7 16, +C4<0000000000000000000000000000000000000000000000000000000000101000>;
P_0x563f16af77a0 .param/l "GROUND_Y" 0 7 13, +C4<00000000000000000000000110100100>;
P_0x563f16af77e0 .param/l "ZOOM" 0 7 14, +C4<00000000000000000000000000000010>;
L_0x563f16b19560 .functor AND 1, L_0x563f16b191f0, L_0x563f16b19420, C4<1>, C4<1>;
L_0x563f16b19710 .functor AND 1, L_0x563f16b1a1e0, L_0x563f16b1a670, C4<1>, C4<1>;
L_0x563f16b1a600 .functor AND 1, L_0x563f16b19710, L_0x563f16b1a850, C4<1>, C4<1>;
L_0x563f16b1ab20 .functor AND 1, L_0x563f16b1a600, L_0x563f16b1ac70, C4<1>, C4<1>;
L_0x563f16b1ae50 .functor AND 1, L_0x563f16b1ab20, L_0x563f16b19d90, C4<1>, C4<1>;
v0x563f16af88b0_0 .net *"_ivl_10", 31 0, L_0x563f16b19330;  1 drivers
L_0x7f17097ccb58 .functor BUFT 1, C4<0000000000000000000000>, C4<0>, C4<0>, C4<0>;
v0x563f16af8990_0 .net *"_ivl_13", 21 0, L_0x7f17097ccb58;  1 drivers
L_0x7f17097ccba0 .functor BUFT 1, C4<00000000000000000000000000000000>, C4<0>, C4<0>, C4<0>;
v0x563f16af8a70_0 .net/2u *"_ivl_14", 31 0, L_0x7f17097ccba0;  1 drivers
v0x563f16af8b30_0 .net *"_ivl_16", 0 0, L_0x563f16b19420;  1 drivers
v0x563f16af8bf0_0 .net *"_ivl_2", 31 0, L_0x563f16b18bb0;  1 drivers
v0x563f16af8cd0_0 .net *"_ivl_28", 0 0, L_0x563f16b1a1e0;  1 drivers
v0x563f16af8d90_0 .net *"_ivl_30", 63 0, L_0x563f16b1a2d0;  1 drivers
L_0x7f17097ccc30 .functor BUFT 1, C4<000000000000000000000000000000000000000000000000000000>, C4<0>, C4<0>, C4<0>;
v0x563f16af8e70_0 .net *"_ivl_33", 53 0, L_0x7f17097ccc30;  1 drivers
v0x563f16af8f50_0 .net *"_ivl_34", 63 0, L_0x563f16b1a3d0;  1 drivers
L_0x7f17097ccc78 .functor BUFT 1, C4<000000000000000000000000000000000000000000000000000000>, C4<0>, C4<0>, C4<0>;
v0x563f16af90c0_0 .net *"_ivl_37", 53 0, L_0x7f17097ccc78;  1 drivers
L_0x7f17097cccc0 .functor BUFT 1, C4<0000000000000000000000000000000000000000000000000000000000101000>, C4<0>, C4<0>, C4<0>;
v0x563f16af91a0_0 .net/2u *"_ivl_38", 63 0, L_0x7f17097cccc0;  1 drivers
v0x563f16af9280_0 .net *"_ivl_40", 63 0, L_0x563f16b1a4c0;  1 drivers
v0x563f16af9360_0 .net *"_ivl_42", 0 0, L_0x563f16b1a670;  1 drivers
v0x563f16af9420_0 .net *"_ivl_45", 0 0, L_0x563f16b19710;  1 drivers
v0x563f16af94e0_0 .net *"_ivl_46", 0 0, L_0x563f16b1a850;  1 drivers
v0x563f16af95a0_0 .net *"_ivl_49", 0 0, L_0x563f16b1a600;  1 drivers
L_0x7f17097ccac8 .functor BUFT 1, C4<0000000000000000000000>, C4<0>, C4<0>, C4<0>;
v0x563f16af9660_0 .net *"_ivl_5", 21 0, L_0x7f17097ccac8;  1 drivers
v0x563f16af9740_0 .net *"_ivl_50", 63 0, L_0x563f16b1a990;  1 drivers
L_0x7f17097ccd08 .functor BUFT 1, C4<000000000000000000000000000000000000000000000000000000>, C4<0>, C4<0>, C4<0>;
v0x563f16af9820_0 .net *"_ivl_53", 53 0, L_0x7f17097ccd08;  1 drivers
L_0x7f17097cd0f8 .functor BUFT 1, C4<0000000000000000000000000000000000000000000000000000000101111100>, C4<0>, C4<0>, C4<0>;
v0x563f16af9900_0 .net *"_ivl_54", 63 0, L_0x7f17097cd0f8;  1 drivers
L_0x7f17097ccd50 .functor BUFT 1, C4<0000000000000000000000000000000000000000000000000000000000101000>, C4<0>, C4<0>, C4<0>;
v0x563f16af99e0_0 .net/2u *"_ivl_58", 63 0, L_0x7f17097ccd50;  1 drivers
L_0x7f17097ccb10 .functor BUFT 1, C4<00000000000000000000000000000000>, C4<0>, C4<0>, C4<0>;
v0x563f16af9ac0_0 .net/2u *"_ivl_6", 31 0, L_0x7f17097ccb10;  1 drivers
v0x563f16af9ba0_0 .net *"_ivl_60", 63 0, L_0x563f16b1aa80;  1 drivers
v0x563f16af9c80_0 .net *"_ivl_62", 0 0, L_0x563f16b1ac70;  1 drivers
v0x563f16af9d40_0 .net *"_ivl_65", 0 0, L_0x563f16b1ab20;  1 drivers
v0x563f16af9e00_0 .net *"_ivl_8", 0 0, L_0x563f16b191f0;  1 drivers
v0x563f16af9ec0_0 .net "abs_x", 9 0, v0x563f16b00350_0;  alias, 1 drivers
v0x563f16af9fa0_0 .net "abs_y", 9 0, v0x563f16b00410_0;  alias, 1 drivers
v0x563f16afa080_0 .net "cac_pixel_on", 0 0, L_0x563f16b19d90;  1 drivers
v0x563f16afa120_0 .var "cac_x", 9 0;
L_0x7f17097cca80 .functor BUFT 1, C4<0101111100>, C4<0>, C4<0>, C4<0>;
v0x563f16afa1e0_0 .net "cac_y", 9 0, L_0x7f17097cca80;  1 drivers
v0x563f16afa2c0_0 .net "clk", 0 0, o0x7f1709816608;  alias, 0 drivers
v0x563f16afa380_0 .net "draw_cactus", 0 0, L_0x563f16b1ae50;  alias, 1 drivers
v0x563f16afa650_0 .net "frame_tick", 0 0, L_0x563f16b19560;  1 drivers
v0x563f16afa710_0 .net "game_over", 0 0, v0x563f16b02f40_0;  1 drivers
v0x563f16afa7d0_0 .net "local_cac_x", 9 0, L_0x563f16b19670;  1 drivers
v0x563f16afa8b0_0 .net "local_cac_y", 9 0, L_0x563f16b19780;  1 drivers
v0x563f16afa990_0 .net "rst_n", 0 0, L_0x563f16b1b940;  alias, 1 drivers
E_0x563f16a0b1d0 .event posedge, v0x563f16afa2c0_0;
L_0x563f16b18bb0 .concat [ 10 22 0 0], v0x563f16b00350_0, L_0x7f17097ccac8;
L_0x563f16b191f0 .cmp/eq 32, L_0x563f16b18bb0, L_0x7f17097ccb10;
L_0x563f16b19330 .concat [ 10 22 0 0], v0x563f16b00410_0, L_0x7f17097ccb58;
L_0x563f16b19420 .cmp/eq 32, L_0x563f16b19330, L_0x7f17097ccba0;
L_0x563f16b19670 .arith/sub 10, v0x563f16b00350_0, v0x563f16afa120_0;
L_0x563f16b19780 .arith/sub 10, v0x563f16b00410_0, L_0x7f17097cca80;
L_0x563f16b19f60 .part L_0x563f16b19670, 1, 5;
L_0x563f16b1a050 .part L_0x563f16b19780, 1, 5;
L_0x563f16b1a1e0 .cmp/ge 10, v0x563f16b00350_0, v0x563f16afa120_0;
L_0x563f16b1a2d0 .concat [ 10 54 0 0], v0x563f16b00350_0, L_0x7f17097ccc30;
L_0x563f16b1a3d0 .concat [ 10 54 0 0], v0x563f16afa120_0, L_0x7f17097ccc78;
L_0x563f16b1a4c0 .arith/sum 64, L_0x563f16b1a3d0, L_0x7f17097cccc0;
L_0x563f16b1a670 .cmp/gt 64, L_0x563f16b1a4c0, L_0x563f16b1a2d0;
L_0x563f16b1a850 .cmp/ge 10, v0x563f16b00410_0, L_0x7f17097cca80;
L_0x563f16b1a990 .concat [ 10 54 0 0], v0x563f16b00410_0, L_0x7f17097ccd08;
L_0x563f16b1aa80 .arith/sum 64, L_0x7f17097cd0f8, L_0x7f17097ccd50;
L_0x563f16b1ac70 .cmp/gt 64, L_0x563f16b1aa80, L_0x563f16b1a990;
S_0x563f16af7cc0 .scope module, "my_cactus" "cactus_sprite" 7 52, 8 1 0, S_0x563f16af7510;
 .timescale 0 0;
    .port_info 0 /INPUT 5 "x";
    .port_info 1 /INPUT 5 "y";
    .port_info 2 /OUTPUT 1 "pixel";
v0x563f16af7f30_0 .net *"_ivl_1", 1 0, L_0x563f16b198b0;  1 drivers
v0x563f16af8030_0 .net *"_ivl_11", 2 0, L_0x563f16b19ca0;  1 drivers
v0x563f16af8110_0 .net *"_ivl_4", 7 0, L_0x563f16b19a40;  1 drivers
v0x563f16af8200_0 .net *"_ivl_6", 7 0, L_0x563f16b19ae0;  1 drivers
L_0x7f17097ccbe8 .functor BUFT 1, C4<0>, C4<0>, C4<0>, C4<0>;
v0x563f16af82e0_0 .net *"_ivl_9", 0 0, L_0x7f17097ccbe8;  1 drivers
v0x563f16af8410_0 .net "addr", 6 0, L_0x563f16b19950;  1 drivers
v0x563f16af84f0 .array "mem", 0 79, 7 0;
v0x563f16af85b0_0 .net "pixel", 0 0, L_0x563f16b19d90;  alias, 1 drivers
v0x563f16af8670_0 .net "x", 4 0, L_0x563f16b19f60;  1 drivers
v0x563f16af8750_0 .net "y", 4 0, L_0x563f16b1a050;  1 drivers
L_0x563f16b198b0 .part L_0x563f16b19f60, 3, 2;
L_0x563f16b19950 .concat [ 2 5 0 0], L_0x563f16b198b0, L_0x563f16b1a050;
L_0x563f16b19a40 .array/port v0x563f16af84f0, L_0x563f16b19ae0;
L_0x563f16b19ae0 .concat [ 7 1 0 0], L_0x563f16b19950, L_0x7f17097ccbe8;
L_0x563f16b19ca0 .part L_0x563f16b19f60, 0, 3;
L_0x563f16b19d90 .part/v L_0x563f16b19a40, L_0x563f16b19ca0, 1;
S_0x563f16afab10 .scope module, "dino_inst" "c_dino" 6 32, 4 4 0, S_0x563f16aa50b0;
 .timescale 0 0;
    .port_info 0 /INPUT 1 "clk";
    .port_info 1 /INPUT 10 "abs_x";
    .port_info 2 /INPUT 10 "abs_y";
    .port_info 3 /INPUT 1 "rst_n";
    .port_info 4 /INPUT 1 "game_over";
    .port_info 5 /OUTPUT 1 "draw_dino";
    .port_info 6 /OUTPUT 1 "state";
    .port_info 7 /INPUT 1 "command";
P_0x563f16afacc0 .param/l "DINO_H" 0 4 22, +C4<0000000000000000000000000000000000000000000000000000000000101000>;
P_0x563f16afad00 .param/l "DINO_SIZE" 0 4 19, +C4<00000000000000000000000000010100>;
P_0x563f16afad40 .param/l "DINO_START_Y" 1 4 24, +C4<00000000000000000000000000000000000000000000000000000000101111100>;
P_0x563f16afad80 .param/l "DINO_W" 0 4 21, +C4<0000000000000000000000000000000000000000000000000000000000101000>;
P_0x563f16afadc0 .param/l "DINO_X" 0 4 23, +C4<00000000000000000000000000111100>;
P_0x563f16afae00 .param/l "GROUND_Y" 0 4 16, +C4<00000000000000000000000110100100>;
P_0x563f16afae40 .param/l "ZOOM" 0 4 20, +C4<00000000000000000000000000000010>;
L_0x563f16b16fe0 .functor AND 1, L_0x563f16b16c70, L_0x563f16b16ea0, C4<1>, C4<1>;
L_0x563f16b18170 .functor AND 1, L_0x563f16b18230, L_0x563f16b18670, C4<1>, C4<1>;
L_0x563f16b17360 .functor AND 1, L_0x563f16b18170, L_0x563f16b18850, C4<1>, C4<1>;
L_0x563f16b18cf0 .functor AND 1, L_0x563f16b17360, L_0x563f16b18e00, C4<1>, C4<1>;
L_0x563f16b19090 .functor AND 1, L_0x563f16b18cf0, L_0x563f16b17bb0, C4<1>, C4<1>;
v0x563f16afbf60_0 .net *"_ivl_0", 31 0, L_0x563f16b16b80;  1 drivers
L_0x7f17097cc720 .functor BUFT 1, C4<0000000000000000000000>, C4<0>, C4<0>, C4<0>;
v0x563f16afc040_0 .net *"_ivl_11", 21 0, L_0x7f17097cc720;  1 drivers
L_0x7f17097cc768 .functor BUFT 1, C4<00000000000000000000000000000000>, C4<0>, C4<0>, C4<0>;
v0x563f16afc120_0 .net/2u *"_ivl_12", 31 0, L_0x7f17097cc768;  1 drivers
v0x563f16afc1e0_0 .net *"_ivl_14", 0 0, L_0x563f16b16ea0;  1 drivers
v0x563f16afc2a0_0 .net *"_ivl_20", 31 0, L_0x563f16b17190;  1 drivers
L_0x7f17097cc7b0 .functor BUFT 1, C4<0000000000000000000000>, C4<0>, C4<0>, C4<0>;
v0x563f16afc380_0 .net *"_ivl_23", 21 0, L_0x7f17097cc7b0;  1 drivers
L_0x7f17097cc7f8 .functor BUFT 1, C4<00000000000000000000000000111100>, C4<0>, C4<0>, C4<0>;
v0x563f16afc460_0 .net/2u *"_ivl_24", 31 0, L_0x7f17097cc7f8;  1 drivers
v0x563f16afc540_0 .net *"_ivl_26", 31 0, L_0x563f16b172c0;  1 drivers
L_0x7f17097cc690 .functor BUFT 1, C4<0000000000000000000000>, C4<0>, C4<0>, C4<0>;
v0x563f16afc620_0 .net *"_ivl_3", 21 0, L_0x7f17097cc690;  1 drivers
v0x563f16afc790_0 .net *"_ivl_36", 31 0, L_0x563f16b17fc0;  1 drivers
L_0x7f17097cc888 .functor BUFT 1, C4<0000000000000000000000>, C4<0>, C4<0>, C4<0>;
v0x563f16afc870_0 .net *"_ivl_39", 21 0, L_0x7f17097cc888;  1 drivers
L_0x7f17097cc6d8 .functor BUFT 1, C4<00000000000000000000000000000000>, C4<0>, C4<0>, C4<0>;
v0x563f16afc950_0 .net/2u *"_ivl_4", 31 0, L_0x7f17097cc6d8;  1 drivers
L_0x7f17097cc8d0 .functor BUFT 1, C4<00000000000000000000000000111100>, C4<0>, C4<0>, C4<0>;
v0x563f16afca30_0 .net/2u *"_ivl_40", 31 0, L_0x7f17097cc8d0;  1 drivers
v0x563f16afcb10_0 .net *"_ivl_42", 0 0, L_0x563f16b18230;  1 drivers
v0x563f16afcbd0_0 .net *"_ivl_44", 63 0, L_0x563f16b18370;  1 drivers
L_0x7f17097cc918 .functor BUFT 1, C4<000000000000000000000000000000000000000000000000000000>, C4<0>, C4<0>, C4<0>;
v0x563f16afccb0_0 .net *"_ivl_47", 53 0, L_0x7f17097cc918;  1 drivers
L_0x7f17097cc960 .functor BUFT 1, C4<0000000000000000000000000000000000000000000000000000000001100100>, C4<0>, C4<0>, C4<0>;
v0x563f16afcd90_0 .net/2u *"_ivl_48", 63 0, L_0x7f17097cc960;  1 drivers
v0x563f16afce70_0 .net *"_ivl_50", 0 0, L_0x563f16b18670;  1 drivers
v0x563f16afcf30_0 .net *"_ivl_53", 0 0, L_0x563f16b18170;  1 drivers
v0x563f16afcff0_0 .net *"_ivl_54", 0 0, L_0x563f16b18850;  1 drivers
v0x563f16afd0b0_0 .net *"_ivl_57", 0 0, L_0x563f16b17360;  1 drivers
v0x563f16afd170_0 .net *"_ivl_58", 63 0, L_0x563f16b18a20;  1 drivers
v0x563f16afd250_0 .net *"_ivl_6", 0 0, L_0x563f16b16c70;  1 drivers
L_0x7f17097cc9a8 .functor BUFT 1, C4<000000000000000000000000000000000000000000000000000000>, C4<0>, C4<0>, C4<0>;
v0x563f16afd310_0 .net *"_ivl_61", 53 0, L_0x7f17097cc9a8;  1 drivers
v0x563f16afd3f0_0 .net *"_ivl_62", 63 0, L_0x563f16b18b10;  1 drivers
L_0x7f17097cc9f0 .functor BUFT 1, C4<000000000000000000000000000000000000000000000000000000>, C4<0>, C4<0>, C4<0>;
v0x563f16afd4d0_0 .net *"_ivl_65", 53 0, L_0x7f17097cc9f0;  1 drivers
L_0x7f17097cca38 .functor BUFT 1, C4<0000000000000000000000000000000000000000000000000000000000101000>, C4<0>, C4<0>, C4<0>;
v0x563f16afd5b0_0 .net/2u *"_ivl_66", 63 0, L_0x7f17097cca38;  1 drivers
v0x563f16afd690_0 .net *"_ivl_68", 63 0, L_0x563f16b18c50;  1 drivers
v0x563f16afd770_0 .net *"_ivl_70", 0 0, L_0x563f16b18e00;  1 drivers
v0x563f16afd830_0 .net *"_ivl_73", 0 0, L_0x563f16b18cf0;  1 drivers
v0x563f16afd8f0_0 .net *"_ivl_8", 31 0, L_0x563f16b16db0;  1 drivers
v0x563f16afd9d0_0 .net "abs_x", 9 0, v0x563f16b00350_0;  alias, 1 drivers
v0x563f16afda90_0 .net "abs_y", 9 0, v0x563f16b00410_0;  alias, 1 drivers
v0x563f16afdd70_0 .net "clk", 0 0, o0x7f1709816608;  alias, 0 drivers
v0x563f16afde40_0 .net "command", 0 0, v0x563f16b03080_0;  1 drivers
v0x563f16afdee0_0 .net "dino_pixel_on", 0 0, L_0x563f16b17bb0;  1 drivers
v0x563f16afdfb0_0 .var/s "dino_vy", 10 0;
v0x563f16afe050_0 .net "dino_y", 9 0, L_0x563f16b170f0;  1 drivers
v0x563f16afe130_0 .var/s "dino_y_reg", 10 0;
v0x563f16afe210_0 .net "draw_dino", 0 0, L_0x563f16b19090;  alias, 1 drivers
v0x563f16afe2d0_0 .net "frame_tick", 0 0, L_0x563f16b16fe0;  1 drivers
v0x563f16afe390_0 .net "game_over", 0 0, v0x563f16b02f40_0;  alias, 1 drivers
v0x563f16afe460_0 .net "local_dino_x", 9 0, L_0x563f16b17470;  1 drivers
v0x563f16afe520_0 .net "local_dino_y", 9 0, L_0x563f16b175b0;  1 drivers
v0x563f16afe600_0 .net "rst_n", 0 0, L_0x563f16b1b940;  alias, 1 drivers
v0x563f16afe6d0_0 .var "state", 0 0;
L_0x563f16b16b80 .concat [ 10 22 0 0], v0x563f16b00350_0, L_0x7f17097cc690;
L_0x563f16b16c70 .cmp/eq 32, L_0x563f16b16b80, L_0x7f17097cc6d8;
L_0x563f16b16db0 .concat [ 10 22 0 0], v0x563f16b00410_0, L_0x7f17097cc720;
L_0x563f16b16ea0 .cmp/eq 32, L_0x563f16b16db0, L_0x7f17097cc768;
L_0x563f16b170f0 .part v0x563f16afe130_0, 0, 10;
L_0x563f16b17190 .concat [ 10 22 0 0], v0x563f16b00350_0, L_0x7f17097cc7b0;
L_0x563f16b172c0 .arith/sub 32, L_0x563f16b17190, L_0x7f17097cc7f8;
L_0x563f16b17470 .part L_0x563f16b172c0, 0, 10;
L_0x563f16b175b0 .arith/sub 10, v0x563f16b00410_0, L_0x563f16b170f0;
L_0x563f16b17d80 .part L_0x563f16b17470, 1, 5;
L_0x563f16b17ed0 .part L_0x563f16b175b0, 1, 5;
L_0x563f16b17fc0 .concat [ 10 22 0 0], v0x563f16b00350_0, L_0x7f17097cc888;
L_0x563f16b18230 .cmp/ge 32, L_0x563f16b17fc0, L_0x7f17097cc8d0;
L_0x563f16b18370 .concat [ 10 54 0 0], v0x563f16b00350_0, L_0x7f17097cc918;
L_0x563f16b18670 .cmp/gt 64, L_0x7f17097cc960, L_0x563f16b18370;
L_0x563f16b18850 .cmp/ge 10, v0x563f16b00410_0, L_0x563f16b170f0;
L_0x563f16b18a20 .concat [ 10 54 0 0], v0x563f16b00410_0, L_0x7f17097cc9a8;
L_0x563f16b18b10 .concat [ 10 54 0 0], L_0x563f16b170f0, L_0x7f17097cc9f0;
L_0x563f16b18c50 .arith/sum 64, L_0x563f16b18b10, L_0x7f17097cca38;
L_0x563f16b18e00 .cmp/gt 64, L_0x563f16b18c50, L_0x563f16b18a20;
S_0x563f16afb390 .scope module, "my_dino" "dino_sprite" 4 73, 5 3 0, S_0x563f16afab10;
 .timescale 0 0;
    .port_info 0 /INPUT 5 "x";
    .port_info 1 /INPUT 5 "y";
    .port_info 2 /OUTPUT 1 "pixel";
v0x563f16afb5e0_0 .net *"_ivl_1", 1 0, L_0x563f16b176a0;  1 drivers
v0x563f16afb6e0_0 .net *"_ivl_11", 2 0, L_0x563f16b17ac0;  1 drivers
v0x563f16afb7c0_0 .net *"_ivl_4", 7 0, L_0x563f16b17830;  1 drivers
v0x563f16afb8b0_0 .net *"_ivl_6", 7 0, L_0x563f16b17900;  1 drivers
L_0x7f17097cc840 .functor BUFT 1, C4<0>, C4<0>, C4<0>, C4<0>;
v0x563f16afb990_0 .net *"_ivl_9", 0 0, L_0x7f17097cc840;  1 drivers
v0x563f16afbac0_0 .net "addr", 6 0, L_0x563f16b17740;  1 drivers
v0x563f16afbba0 .array "mem", 0 79, 7 0;
v0x563f16afbc60_0 .net "pixel", 0 0, L_0x563f16b17bb0;  alias, 1 drivers
v0x563f16afbd20_0 .net "x", 4 0, L_0x563f16b17d80;  1 drivers
v0x563f16afbe00_0 .net "y", 4 0, L_0x563f16b17ed0;  1 drivers
L_0x563f16b176a0 .part L_0x563f16b17d80, 3, 2;
L_0x563f16b17740 .concat [ 2 5 0 0], L_0x563f16b176a0, L_0x563f16b17ed0;
L_0x563f16b17830 .array/port v0x563f16afbba0, L_0x563f16b17900;
L_0x563f16b17900 .concat [ 7 1 0 0], L_0x563f16b17740, L_0x7f17097cc840;
L_0x563f16b17ac0 .part L_0x563f16b17d80, 0, 3;
L_0x563f16b17bb0 .part/v L_0x563f16b17830, L_0x563f16b17ac0, 1;
S_0x563f16afe870 .scope module, "scanner_inst" "scanner" 6 21, 9 4 0, S_0x563f16aa50b0;
 .timescale 0 0;
    .port_info 0 /INPUT 1 "clk";
    .port_info 1 /OUTPUT 1 "hsync";
    .port_info 2 /OUTPUT 1 "vsync";
    .port_info 3 /OUTPUT 1 "display_on";
    .port_info 4 /OUTPUT 10 "abs_x";
    .port_info 5 /OUTPUT 10 "abs_y";
    .port_info 6 /INPUT 1 "reset";
P_0x563f16afea30 .param/l "H_DISPLAY" 0 9 13, +C4<00000000000000000000001010000000>;
P_0x563f16afea70 .param/l "H_LEFT_BOR" 0 9 14, +C4<00000000000000000000000000110000>;
P_0x563f16afeab0 .param/l "H_MAX" 0 9 26, +C4<000000000000000000000000001100011111>;
P_0x563f16afeaf0 .param/l "H_RETRACE" 0 9 16, +C4<00000000000000000000000001100000>;
P_0x563f16afeb30 .param/l "H_RETRACE_END" 0 9 25, +C4<00000000000000000000000001011101111>;
P_0x563f16afeb70 .param/l "H_RETRACE_START" 0 9 24, +C4<000000000000000000000001010010000>;
P_0x563f16afebb0 .param/l "H_RIGHT_BOR" 0 9 15, +C4<00000000000000000000000000010000>;
P_0x563f16afebf0 .param/l "V_BOT_BOR" 0 9 19, +C4<00000000000000000000000000001010>;
P_0x563f16afec30 .param/l "V_DISPLAY" 0 9 18, +C4<00000000000000000000000111100000>;
P_0x563f16afec70 .param/l "V_MAX" 0 9 29, +C4<000000000000000000000000001000001100>;
P_0x563f16afecb0 .param/l "V_RETRACE" 0 9 21, +C4<00000000000000000000000000000010>;
P_0x563f16afecf0 .param/l "V_RETRACE_END" 0 9 28, +C4<00000000000000000000000000111101011>;
P_0x563f16afed30 .param/l "V_RETRACE_START" 0 9 27, +C4<000000000000000000000000111101010>;
P_0x563f16afed70 .param/l "V_TOP_BOR" 0 9 20, +C4<00000000000000000000000000100001>;
L_0x563f16a926c0 .functor OR 1, L_0x563f16b160b0, L_0x563f16b16b10, C4<0>, C4<0>;
L_0x563f16acd660 .functor OR 1, L_0x563f16b162e0, L_0x563f16b16b10, C4<0>, C4<0>;
L_0x563f16b169b0 .functor AND 1, L_0x563f16b165b0, L_0x563f16b16820, C4<1>, C4<1>;
v0x563f16afef10_0 .net *"_ivl_0", 35 0, L_0x563f16b15ba0;  1 drivers
v0x563f16aff650_0 .net *"_ivl_10", 35 0, L_0x563f16b16240;  1 drivers
L_0x7f17097cc4e0 .functor BUFT 1, C4<00000000000000000000000000>, C4<0>, C4<0>, C4<0>;
v0x563f16aff730_0 .net *"_ivl_13", 25 0, L_0x7f17097cc4e0;  1 drivers
L_0x7f17097cc528 .functor BUFT 1, C4<000000000000000000000000001000001100>, C4<0>, C4<0>, C4<0>;
v0x563f16aff820_0 .net/2u *"_ivl_14", 35 0, L_0x7f17097cc528;  1 drivers
v0x563f16aff900_0 .net *"_ivl_16", 0 0, L_0x563f16b162e0;  1 drivers
v0x563f16affa10_0 .net *"_ivl_20", 31 0, L_0x563f16b164c0;  1 drivers
L_0x7f17097cc570 .functor BUFT 1, C4<0000000000000000000000>, C4<0>, C4<0>, C4<0>;
v0x563f16affaf0_0 .net *"_ivl_23", 21 0, L_0x7f17097cc570;  1 drivers
L_0x7f17097cc5b8 .functor BUFT 1, C4<00000000000000000000001010000000>, C4<0>, C4<0>, C4<0>;
v0x563f16affbd0_0 .net/2u *"_ivl_24", 31 0, L_0x7f17097cc5b8;  1 drivers
v0x563f16affcb0_0 .net *"_ivl_26", 0 0, L_0x563f16b165b0;  1 drivers
v0x563f16affd70_0 .net *"_ivl_28", 31 0, L_0x563f16b16730;  1 drivers
L_0x7f17097cc450 .functor BUFT 1, C4<00000000000000000000000000>, C4<0>, C4<0>, C4<0>;
v0x563f16affe50_0 .net *"_ivl_3", 25 0, L_0x7f17097cc450;  1 drivers
L_0x7f17097cc600 .functor BUFT 1, C4<0000000000000000000000>, C4<0>, C4<0>, C4<0>;
v0x563f16afff30_0 .net *"_ivl_31", 21 0, L_0x7f17097cc600;  1 drivers
L_0x7f17097cc648 .functor BUFT 1, C4<00000000000000000000000111100000>, C4<0>, C4<0>, C4<0>;
v0x563f16b00010_0 .net/2u *"_ivl_32", 31 0, L_0x7f17097cc648;  1 drivers
v0x563f16b000f0_0 .net *"_ivl_34", 0 0, L_0x563f16b16820;  1 drivers
L_0x7f17097cc498 .functor BUFT 1, C4<000000000000000000000000001100011111>, C4<0>, C4<0>, C4<0>;
v0x563f16b001b0_0 .net/2u *"_ivl_4", 35 0, L_0x7f17097cc498;  1 drivers
v0x563f16b00290_0 .net *"_ivl_6", 0 0, L_0x563f16b160b0;  1 drivers
v0x563f16b00350_0 .var "abs_x", 9 0;
v0x563f16b00410_0 .var "abs_y", 9 0;
v0x563f16b00520_0 .net "clk", 0 0, o0x7f1709816608;  alias, 0 drivers
v0x563f16b00610_0 .net "display_on", 0 0, L_0x563f16b169b0;  alias, 1 drivers
v0x563f16b006d0_0 .net "hmax", 0 0, L_0x563f16a926c0;  1 drivers
v0x563f16b00790_0 .var "hsync", 0 0;
v0x563f16b00850_0 .net "reset", 0 0, L_0x563f16b16b10;  1 drivers
v0x563f16b00910_0 .net "vmax", 0 0, L_0x563f16acd660;  1 drivers
v0x563f16b009d0_0 .var "vsync", 0 0;
L_0x563f16b15ba0 .concat [ 10 26 0 0], v0x563f16b00350_0, L_0x7f17097cc450;
L_0x563f16b160b0 .cmp/eq 36, L_0x563f16b15ba0, L_0x7f17097cc498;
L_0x563f16b16240 .concat [ 10 26 0 0], v0x563f16b00410_0, L_0x7f17097cc4e0;
L_0x563f16b162e0 .cmp/eq 36, L_0x563f16b16240, L_0x7f17097cc528;
L_0x563f16b164c0 .concat [ 10 22 0 0], v0x563f16b00350_0, L_0x7f17097cc570;
L_0x563f16b165b0 .cmp/gt 32, L_0x7f17097cc5b8, L_0x563f16b164c0;
L_0x563f16b16730 .concat [ 10 22 0 0], v0x563f16b00410_0, L_0x7f17097cc600;
L_0x563f16b16820 .cmp/gt 32, L_0x7f17097cc648, L_0x563f16b16730;
    .scope S_0x563f16aa3020;
T_1 ;
    %pushi/vec4 0, 0, 6;
    %ix/load 4, 0, 0;
    %flag_set/imm 4, 0;
    %store/vec4a v0x563f16a927e0, 4, 0;
    %pushi/vec4 3, 0, 6;
    %ix/load 4, 1, 0;
    %flag_set/imm 4, 0;
    %store/vec4a v0x563f16a927e0, 4, 0;
    %pushi/vec4 12, 0, 6;
    %ix/load 4, 2, 0;
    %flag_set/imm 4, 0;
    %store/vec4a v0x563f16a927e0, 4, 0;
    %pushi/vec4 48, 0, 6;
    %ix/load 4, 3, 0;
    %flag_set/imm 4, 0;
    %store/vec4a v0x563f16a927e0, 4, 0;
    %pushi/vec4 15, 0, 6;
    %ix/load 4, 4, 0;
    %flag_set/imm 4, 0;
    %store/vec4a v0x563f16a927e0, 4, 0;
    %pushi/vec4 51, 0, 6;
    %ix/load 4, 5, 0;
    %flag_set/imm 4, 0;
    %store/vec4a v0x563f16a927e0, 4, 0;
    %pushi/vec4 60, 0, 6;
    %ix/load 4, 6, 0;
    %flag_set/imm 4, 0;
    %store/vec4a v0x563f16a927e0, 4, 0;
    %pushi/vec4 63, 0, 6;
    %ix/load 4, 7, 0;
    %flag_set/imm 4, 0;
    %store/vec4a v0x563f16a927e0, 4, 0;
    %end;
    .thread T_1;
    .scope S_0x563f16af3890;
T_2 ;
    %pushi/vec4 0, 0, 8;
    %ix/load 4, 0, 0;
    %flag_set/imm 4, 0;
    %store/vec4a v0x563f16af4000, 4, 0;
    %pushi/vec4 252, 0, 8;
    %ix/load 4, 1, 0;
    %flag_set/imm 4, 0;
    %store/vec4a v0x563f16af4000, 4, 0;
    %pushi/vec4 7, 0, 8;
    %ix/load 4, 2, 0;
    %flag_set/imm 4, 0;
    %store/vec4a v0x563f16af4000, 4, 0;
    %pushi/vec4 0, 0, 8;
    %ix/load 4, 3, 0;
    %flag_set/imm 4, 0;
    %store/vec4a v0x563f16af4000, 4, 0;
    %pushi/vec4 0, 0, 8;
    %ix/load 4, 4, 0;
    %flag_set/imm 4, 0;
    %store/vec4a v0x563f16af4000, 4, 0;
    %pushi/vec4 246, 0, 8;
    %ix/load 4, 5, 0;
    %flag_set/imm 4, 0;
    %store/vec4a v0x563f16af4000, 4, 0;
    %pushi/vec4 15, 0, 8;
    %ix/load 4, 6, 0;
    %flag_set/imm 4, 0;
    %store/vec4a v0x563f16af4000, 4, 0;
    %pushi/vec4 0, 0, 8;
    %ix/load 4, 7, 0;
    %flag_set/imm 4, 0;
    %store/vec4a v0x563f16af4000, 4, 0;
    %pushi/vec4 0, 0, 8;
    %ix/load 4, 8, 0;
    %flag_set/imm 4, 0;
    %store/vec4a v0x563f16af4000, 4, 0;
    %pushi/vec4 254, 0, 8;
    %ix/load 4, 9, 0;
    %flag_set/imm 4, 0;
    %store/vec4a v0x563f16af4000, 4, 0;
    %pushi/vec4 15, 0, 8;
    %ix/load 4, 10, 0;
    %flag_set/imm 4, 0;
    %store/vec4a v0x563f16af4000, 4, 0;
    %pushi/vec4 0, 0, 8;
    %ix/load 4, 11, 0;
    %flag_set/imm 4, 0;
    %store/vec4a v0x563f16af4000, 4, 0;
    %pushi/vec4 0, 0, 8;
    %ix/load 4, 12, 0;
    %flag_set/imm 4, 0;
    %store/vec4a v0x563f16af4000, 4, 0;
    %pushi/vec4 254, 0, 8;
    %ix/load 4, 13, 0;
    %flag_set/imm 4, 0;
    %store/vec4a v0x563f16af4000, 4, 0;
    %pushi/vec4 15, 0, 8;
    %ix/load 4, 14, 0;
    %flag_set/imm 4, 0;
    %store/vec4a v0x563f16af4000, 4, 0;
    %pushi/vec4 0, 0, 8;
    %ix/load 4, 15, 0;
    %flag_set/imm 4, 0;
    %store/vec4a v0x563f16af4000, 4, 0;
    %pushi/vec4 0, 0, 8;
    %ix/load 4, 16, 0;
    %flag_set/imm 4, 0;
    %store/vec4a v0x563f16af4000, 4, 0;
    %pushi/vec4 254, 0, 8;
    %ix/load 4, 17, 0;
    %flag_set/imm 4, 0;
    %store/vec4a v0x563f16af4000, 4, 0;
    %pushi/vec4 15, 0, 8;
    %ix/load 4, 18, 0;
    %flag_set/imm 4, 0;
    %store/vec4a v0x563f16af4000, 4, 0;
    %pushi/vec4 0, 0, 8;
    %ix/load 4, 19, 0;
    %flag_set/imm 4, 0;
    %store/vec4a v0x563f16af4000, 4, 0;
    %pushi/vec4 0, 0, 8;
    %ix/load 4, 20, 0;
    %flag_set/imm 4, 0;
    %store/vec4a v0x563f16af4000, 4, 0;
    %pushi/vec4 126, 0, 8;
    %ix/load 4, 21, 0;
    %flag_set/imm 4, 0;
    %store/vec4a v0x563f16af4000, 4, 0;
    %pushi/vec4 0, 0, 8;
    %ix/load 4, 22, 0;
    %flag_set/imm 4, 0;
    %store/vec4a v0x563f16af4000, 4, 0;
    %pushi/vec4 0, 0, 8;
    %ix/load 4, 23, 0;
    %flag_set/imm 4, 0;
    %store/vec4a v0x563f16af4000, 4, 0;
    %pushi/vec4 0, 0, 8;
    %ix/load 4, 24, 0;
    %flag_set/imm 4, 0;
    %store/vec4a v0x563f16af4000, 4, 0;
    %pushi/vec4 254, 0, 8;
    %ix/load 4, 25, 0;
    %flag_set/imm 4, 0;
    %store/vec4a v0x563f16af4000, 4, 0;
    %pushi/vec4 3, 0, 8;
    %ix/load 4, 26, 0;
    %flag_set/imm 4, 0;
    %store/vec4a v0x563f16af4000, 4, 0;
    %pushi/vec4 0, 0, 8;
    %ix/load 4, 27, 0;
    %flag_set/imm 4, 0;
    %store/vec4a v0x563f16af4000, 4, 0;
    %pushi/vec4 0, 0, 8;
    %ix/load 4, 28, 0;
    %flag_set/imm 4, 0;
    %store/vec4a v0x563f16af4000, 4, 0;
    %pushi/vec4 62, 0, 8;
    %ix/load 4, 29, 0;
    %flag_set/imm 4, 0;
    %store/vec4a v0x563f16af4000, 4, 0;
    %pushi/vec4 0, 0, 8;
    %ix/load 4, 30, 0;
    %flag_set/imm 4, 0;
    %store/vec4a v0x563f16af4000, 4, 0;
    %pushi/vec4 0, 0, 8;
    %ix/load 4, 31, 0;
    %flag_set/imm 4, 0;
    %store/vec4a v0x563f16af4000, 4, 0;
    %pushi/vec4 1, 0, 8;
    %ix/load 4, 32, 0;
    %flag_set/imm 4, 0;
    %store/vec4a v0x563f16af4000, 4, 0;
    %pushi/vec4 63, 0, 8;
    %ix/load 4, 33, 0;
    %flag_set/imm 4, 0;
    %store/vec4a v0x563f16af4000, 4, 0;
    %pushi/vec4 0, 0, 8;
    %ix/load 4, 34, 0;
    %flag_set/imm 4, 0;
    %store/vec4a v0x563f16af4000, 4, 0;
    %pushi/vec4 0, 0, 8;
    %ix/load 4, 35, 0;
    %flag_set/imm 4, 0;
    %store/vec4a v0x563f16af4000, 4, 0;
    %pushi/vec4 129, 0, 8;
    %ix/load 4, 36, 0;
    %flag_set/imm 4, 0;
    %store/vec4a v0x563f16af4000, 4, 0;
    %pushi/vec4 255, 0, 8;
    %ix/load 4, 37, 0;
    %flag_set/imm 4, 0;
    %store/vec4a v0x563f16af4000, 4, 0;
    %pushi/vec4 0, 0, 8;
    %ix/load 4, 38, 0;
    %flag_set/imm 4, 0;
    %store/vec4a v0x563f16af4000, 4, 0;
    %pushi/vec4 0, 0, 8;
    %ix/load 4, 39, 0;
    %flag_set/imm 4, 0;
    %store/vec4a v0x563f16af4000, 4, 0;
    %pushi/vec4 195, 0, 8;
    %ix/load 4, 40, 0;
    %flag_set/imm 4, 0;
    %store/vec4a v0x563f16af4000, 4, 0;
    %pushi/vec4 191, 0, 8;
    %ix/load 4, 41, 0;
    %flag_set/imm 4, 0;
    %store/vec4a v0x563f16af4000, 4, 0;
    %pushi/vec4 0, 0, 8;
    %ix/load 4, 42, 0;
    %flag_set/imm 4, 0;
    %store/vec4a v0x563f16af4000, 4, 0;
    %pushi/vec4 0, 0, 8;
    %ix/load 4, 43, 0;
    %flag_set/imm 4, 0;
    %store/vec4a v0x563f16af4000, 4, 0;
    %pushi/vec4 231, 0, 8;
    %ix/load 4, 44, 0;
    %flag_set/imm 4, 0;
    %store/vec4a v0x563f16af4000, 4, 0;
    %pushi/vec4 63, 0, 8;
    %ix/load 4, 45, 0;
    %flag_set/imm 4, 0;
    %store/vec4a v0x563f16af4000, 4, 0;
    %pushi/vec4 0, 0, 8;
    %ix/load 4, 46, 0;
    %flag_set/imm 4, 0;
    %store/vec4a v0x563f16af4000, 4, 0;
    %pushi/vec4 0, 0, 8;
    %ix/load 4, 47, 0;
    %flag_set/imm 4, 0;
    %store/vec4a v0x563f16af4000, 4, 0;
    %pushi/vec4 255, 0, 8;
    %ix/load 4, 48, 0;
    %flag_set/imm 4, 0;
    %store/vec4a v0x563f16af4000, 4, 0;
    %pushi/vec4 63, 0, 8;
    %ix/load 4, 49, 0;
    %flag_set/imm 4, 0;
    %store/vec4a v0x563f16af4000, 4, 0;
    %pushi/vec4 0, 0, 8;
    %ix/load 4, 50, 0;
    %flag_set/imm 4, 0;
    %store/vec4a v0x563f16af4000, 4, 0;
    %pushi/vec4 0, 0, 8;
    %ix/load 4, 51, 0;
    %flag_set/imm 4, 0;
    %store/vec4a v0x563f16af4000, 4, 0;
    %pushi/vec4 254, 0, 8;
    %ix/load 4, 52, 0;
    %flag_set/imm 4, 0;
    %store/vec4a v0x563f16af4000, 4, 0;
    %pushi/vec4 31, 0, 8;
    %ix/load 4, 53, 0;
    %flag_set/imm 4, 0;
    %store/vec4a v0x563f16af4000, 4, 0;
    %pushi/vec4 0, 0, 8;
    %ix/load 4, 54, 0;
    %flag_set/imm 4, 0;
    %store/vec4a v0x563f16af4000, 4, 0;
    %pushi/vec4 0, 0, 8;
    %ix/load 4, 55, 0;
    %flag_set/imm 4, 0;
    %store/vec4a v0x563f16af4000, 4, 0;
    %pushi/vec4 252, 0, 8;
    %ix/load 4, 56, 0;
    %flag_set/imm 4, 0;
    %store/vec4a v0x563f16af4000, 4, 0;
    %pushi/vec4 15, 0, 8;
    %ix/load 4, 57, 0;
    %flag_set/imm 4, 0;
    %store/vec4a v0x563f16af4000, 4, 0;
    %pushi/vec4 0, 0, 8;
    %ix/load 4, 58, 0;
    %flag_set/imm 4, 0;
    %store/vec4a v0x563f16af4000, 4, 0;
    %pushi/vec4 0, 0, 8;
    %ix/load 4, 59, 0;
    %flag_set/imm 4, 0;
    %store/vec4a v0x563f16af4000, 4, 0;
    %pushi/vec4 248, 0, 8;
    %ix/load 4, 60, 0;
    %flag_set/imm 4, 0;
    %store/vec4a v0x563f16af4000, 4, 0;
    %pushi/vec4 7, 0, 8;
    %ix/load 4, 61, 0;
    %flag_set/imm 4, 0;
    %store/vec4a v0x563f16af4000, 4, 0;
    %pushi/vec4 0, 0, 8;
    %ix/load 4, 62, 0;
    %flag_set/imm 4, 0;
    %store/vec4a v0x563f16af4000, 4, 0;
    %pushi/vec4 0, 0, 8;
    %ix/load 4, 63, 0;
    %flag_set/imm 4, 0;
    %store/vec4a v0x563f16af4000, 4, 0;
    %pushi/vec4 224, 0, 8;
    %ix/load 4, 64, 0;
    %flag_set/imm 4, 0;
    %store/vec4a v0x563f16af4000, 4, 0;
    %pushi/vec4 6, 0, 8;
    %ix/load 4, 65, 0;
    %flag_set/imm 4, 0;
    %store/vec4a v0x563f16af4000, 4, 0;
    %pushi/vec4 0, 0, 8;
    %ix/load 4, 66, 0;
    %flag_set/imm 4, 0;
    %store/vec4a v0x563f16af4000, 4, 0;
    %pushi/vec4 0, 0, 8;
    %ix/load 4, 67, 0;
    %flag_set/imm 4, 0;
    %store/vec4a v0x563f16af4000, 4, 0;
    %pushi/vec4 96, 0, 8;
    %ix/load 4, 68, 0;
    %flag_set/imm 4, 0;
    %store/vec4a v0x563f16af4000, 4, 0;
    %pushi/vec4 4, 0, 8;
    %ix/load 4, 69, 0;
    %flag_set/imm 4, 0;
    %store/vec4a v0x563f16af4000, 4, 0;
    %pushi/vec4 0, 0, 8;
    %ix/load 4, 70, 0;
    %flag_set/imm 4, 0;
    %store/vec4a v0x563f16af4000, 4, 0;
    %pushi/vec4 0, 0, 8;
    %ix/load 4, 71, 0;
    %flag_set/imm 4, 0;
    %store/vec4a v0x563f16af4000, 4, 0;
    %pushi/vec4 32, 0, 8;
    %ix/load 4, 72, 0;
    %flag_set/imm 4, 0;
    %store/vec4a v0x563f16af4000, 4, 0;
    %pushi/vec4 4, 0, 8;
    %ix/load 4, 73, 0;
    %flag_set/imm 4, 0;
    %store/vec4a v0x563f16af4000, 4, 0;
    %pushi/vec4 0, 0, 8;
    %ix/load 4, 74, 0;
    %flag_set/imm 4, 0;
    %store/vec4a v0x563f16af4000, 4, 0;
    %pushi/vec4 0, 0, 8;
    %ix/load 4, 75, 0;
    %flag_set/imm 4, 0;
    %store/vec4a v0x563f16af4000, 4, 0;
    %pushi/vec4 96, 0, 8;
    %ix/load 4, 76, 0;
    %flag_set/imm 4, 0;
    %store/vec4a v0x563f16af4000, 4, 0;
    %pushi/vec4 12, 0, 8;
    %ix/load 4, 77, 0;
    %flag_set/imm 4, 0;
    %store/vec4a v0x563f16af4000, 4, 0;
    %pushi/vec4 0, 0, 8;
    %ix/load 4, 78, 0;
    %flag_set/imm 4, 0;
    %store/vec4a v0x563f16af4000, 4, 0;
    %pushi/vec4 0, 0, 8;
    %ix/load 4, 79, 0;
    %flag_set/imm 4, 0;
    %store/vec4a v0x563f16af4000, 4, 0;
    %end;
    .thread T_2;
    .scope S_0x563f16af3050;
T_3 ;
    %pushi/vec4 380, 0, 11;
    %store/vec4 v0x563f16af6320_0, 0, 11;
    %pushi/vec4 0, 0, 11;
    %store/vec4 v0x563f16af6180_0, 0, 11;
    %end;
    .thread T_3;
    .scope S_0x563f16af3050;
T_4 ;
    %wait E_0x563f16a27810;
    %load/vec4 v0x563f16af6800_0;
    %inv;
    %flag_set/vec4 8;
    %jmp/0xz  T_4.0, 8;
    %pushi/vec4 380, 0, 11;
    %assign/vec4 v0x563f16af6320_0, 0;
    %pushi/vec4 0, 0, 11;
    %assign/vec4 v0x563f16af6180_0, 0;
    %pushi/vec4 0, 0, 1;
    %assign/vec4 v0x563f16af68c0_0, 0;
    %jmp T_4.1;
T_4.0 ;
    %load/vec4 v0x563f16af64c0_0;
    %flag_set/vec4 8;
    %jmp/0xz  T_4.2, 8;
    %load/vec4 v0x563f16af6580_0;
    %flag_set/vec4 8;
    %jmp/0xz  T_4.4, 8;
    %jmp T_4.5;
T_4.4 ;
    %load/vec4 v0x563f16af6320_0;
    %pad/s 65;
    %cmpi/s 380, 0, 65;
    %jmp/0xz  T_4.6, 5;
    %load/vec4 v0x563f16af6320_0;
    %load/vec4 v0x563f16af6180_0;
    %add;
    %assign/vec4 v0x563f16af6320_0, 0;
    %load/vec4 v0x563f16af6180_0;
    %addi 1, 0, 11;
    %assign/vec4 v0x563f16af6180_0, 0;
    %jmp T_4.7;
T_4.6 ;
    %pushi/vec4 380, 0, 11;
    %assign/vec4 v0x563f16af6320_0, 0;
    %pushi/vec4 0, 0, 1;
    %assign/vec4 v0x563f16af68c0_0, 0;
    %load/vec4 v0x563f16af6020_0;
    %flag_set/vec4 8;
    %jmp/0xz  T_4.8, 8;
    %pushi/vec4 2036, 0, 11;
    %assign/vec4 v0x563f16af6180_0, 0;
    %pushi/vec4 368, 0, 11;
    %assign/vec4 v0x563f16af6320_0, 0;
    %pushi/vec4 1, 0, 1;
    %assign/vec4 v0x563f16af68c0_0, 0;
    %jmp T_4.9;
T_4.8 ;
    %pushi/vec4 0, 0, 11;
    %assign/vec4 v0x563f16af6180_0, 0;
T_4.9 ;
T_4.7 ;
T_4.5 ;
T_4.2 ;
T_4.1 ;
    %jmp T_4;
    .thread T_4;
    .scope S_0x563f16abcf70;
T_5 ;
    %delay 2, 0;
    %load/vec4 v0x563f16af6e00_0;
    %inv;
    %store/vec4 v0x563f16af6e00_0, 0, 1;
    %jmp T_5;
    .thread T_5;
    .scope S_0x563f16abcf70;
T_6 ;
    %fork t_1, S_0x563f16af2e30;
    %jmp t_0;
    .scope S_0x563f16af2e30;
t_1 ;
    %vpi_call 3 38 "$dumpfile", "tb_dino.vcd" {0 0 0};
    %vpi_call 3 39 "$dumpvars", 32'sb00000000000000000000000000000000, v0x563f16af7230_0 {0 0 0};
    %vpi_call 3 40 "$dumpvars", 32'sb00000000000000000000000000000000, v0x563f16af70c0_0 {0 0 0};
    %vpi_call 3 41 "$dumpvars", 32'sb00000000000000000000000000000000, v0x563f16af7300_0 {0 0 0};
    %vpi_call 3 42 "$dumpvars", 32'sb00000000000000000000000000000000, v0x563f16af6f00_0 {0 0 0};
    %vpi_call 3 43 "$dumpvars", 32'sb00000000000000000000000000000000, v0x563f16af6320_0 {0 0 0};
    %vpi_call 3 44 "$dumpvars", 32'sb00000000000000000000000000000000, v0x563f16af6320_0 {0 0 0};
    %pushi/vec4 0, 0, 1;
    %store/vec4 v0x563f16af6e00_0, 0, 1;
    %pushi/vec4 0, 0, 1;
    %store/vec4 v0x563f16af7230_0, 0, 1;
    %pushi/vec4 0, 0, 1;
    %store/vec4 v0x563f16af70c0_0, 0, 1;
    %pushi/vec4 0, 0, 1;
    %store/vec4 v0x563f16af6f00_0, 0, 1;
    %pushi/vec4 0, 0, 10;
    %store/vec4 v0x563f16af6c40_0, 0, 10;
    %pushi/vec4 0, 0, 10;
    %store/vec4 v0x563f16af6d30_0, 0, 10;
    %delay 4, 0;
    %pushi/vec4 1, 0, 1;
    %store/vec4 v0x563f16af7230_0, 0, 1;
    %vpi_call 3 55 "$display", "Time %0t ns | === START ===", $time {0 0 0};
    %delay 4, 0;
    %pushi/vec4 0, 0, 32;
    %store/vec4 v0x563f16af73d0_0, 0, 32;
T_6.0 ;
    %load/vec4 v0x563f16af73d0_0;
    %cmpi/s 40, 0, 32;
    %jmp/0xz T_6.1, 5;
    %pushi/vec4 60, 0, 32;
    %load/vec4 v0x563f16af73d0_0;
    %add;
    %pad/s 10;
    %store/vec4 v0x563f16af6c40_0, 0, 10;
    %pushi/vec4 0, 0, 32;
    %store/vec4 v0x563f16af7470_0, 0, 32;
T_6.2 ;
    %load/vec4 v0x563f16af7470_0;
    %cmpi/s 40, 0, 32;
    %jmp/0xz T_6.3, 5;
    %pushi/vec4 380, 0, 65;
    %load/vec4 v0x563f16af7470_0;
    %pad/s 65;
    %add;
    %pad/s 10;
    %store/vec4 v0x563f16af6d30_0, 0, 10;
    %wait E_0x563f16a27810;
    %load/vec4 v0x563f16af6fd0_0;
    %flag_set/vec4 8;
    %jmp/0xz  T_6.4, 8;
    %vpi_call 3 63 "$write", "\342\226\210" {0 0 0};
    %jmp T_6.5;
T_6.4 ;
    %vpi_call 3 64 "$write", " " {0 0 0};
T_6.5 ;
    %load/vec4 v0x563f16af7470_0;
    %addi 1, 0, 32;
    %store/vec4 v0x563f16af7470_0, 0, 32;
    %jmp T_6.2;
T_6.3 ;
    %vpi_call 3 66 "$write", "\012" {0 0 0};
    %load/vec4 v0x563f16af73d0_0;
    %addi 1, 0, 32;
    %store/vec4 v0x563f16af73d0_0, 0, 32;
    %jmp T_6.0;
T_6.1 ;
    %vpi_call 3 68 "$display", "Time %0t ns | === HOAN THANH TEST SPRITE ===", $time {0 0 0};
    %delay 4, 0;
    %load/vec4 v0x563f16af6320_0;
    %pad/s 10;
    %store/vec4 v0x563f16af7190_0, 0, 10;
    %pushi/vec4 1, 0, 1;
    %store/vec4 v0x563f16af6f00_0, 0, 1;
    %fork TD_tb_dino.pump_frametick, S_0x563f16af6a80;
    %join;
    %load/vec4 v0x563f16af6320_0;
    %load/vec4 v0x563f16af7190_0;
    %pad/u 11;
    %cmp/e;
    %jmp/0xz  T_6.6, 4;
    %vpi_call 3 74 "$display", "Time %0t ns | === TEST JUMP FAIL===", $time {0 0 0};
    %jmp T_6.7;
T_6.6 ;
    %vpi_call 3 75 "$display", "Time %0t ns | === TEST JUMP OK===", $time {0 0 0};
T_6.7 ;
    %load/vec4 v0x563f16af7300_0;
    %pad/u 32;
    %cmpi/e 0, 0, 32;
    %jmp/0xz  T_6.8, 4;
    %vpi_call 3 76 "$display", "Time %0t ns | === TEST STATE FAIL ===", $time {0 0 0};
    %jmp T_6.9;
T_6.8 ;
    %vpi_call 3 77 "$display", "Time %0t ns | === TEST STATE FAIL ===", $time {0 0 0};
T_6.9 ;
    %pushi/vec4 0, 0, 1;
    %store/vec4 v0x563f16af6f00_0, 0, 1;
    %pushi/vec4 30, 0, 32;
T_6.10 %dup/vec4;
    %pushi/vec4 0, 0, 32;
    %cmp/s;
    %jmp/1xz T_6.11, 5;
    %jmp/1 T_6.11, 4;
    %pushi/vec4 1, 0, 32;
    %sub;
    %fork TD_tb_dino.pump_frametick, S_0x563f16af6a80;
    %join;
    %jmp T_6.10;
T_6.11 ;
    %pop/vec4 1;
    %load/vec4 v0x563f16af6320_0;
    %pad/s 65;
    %cmpi/ne 380, 0, 65;
    %jmp/0xz  T_6.12, 4;
    %vpi_call 3 81 "$display", "Time %0t ns | === TEST FALL FAIL===", $time {0 0 0};
    %jmp T_6.13;
T_6.12 ;
    %vpi_call 3 82 "$display", "Time %0t ns | === TEST FALL OK===", $time {0 0 0};
T_6.13 ;
    %load/vec4 v0x563f16af7300_0;
    %pad/u 32;
    %cmpi/e 0, 0, 32;
    %jmp/0xz  T_6.14, 4;
    %vpi_call 3 83 "$display", "Time %0t ns | === TEST STATE OK ===", $time {0 0 0};
    %jmp T_6.15;
T_6.14 ;
    %vpi_call 3 84 "$display", "Time %0t ns | === TEST STATE FAIL ===", $time {0 0 0};
T_6.15 ;
    %delay 4, 0;
    %pushi/vec4 1, 0, 1;
    %store/vec4 v0x563f16af6f00_0, 0, 1;
    %fork TD_tb_dino.pump_frametick, S_0x563f16af6a80;
    %join;
    %pushi/vec4 0, 0, 1;
    %store/vec4 v0x563f16af6f00_0, 0, 1;
    %pushi/vec4 0, 0, 1;
    %store/vec4 v0x563f16af7230_0, 0, 1;
    %fork TD_tb_dino.pump_frametick, S_0x563f16af6a80;
    %join;
    %pushi/vec4 1, 0, 1;
    %store/vec4 v0x563f16af7230_0, 0, 1;
    %delay 4, 0;
    %load/vec4 v0x563f16af6320_0;
    %pad/s 65;
    %cmpi/ne 380, 0, 65;
    %jmp/0xz  T_6.16, 4;
    %vpi_call 3 94 "$display", "Time %0t ns | === TEST RESET FAIL===", $time {0 0 0};
    %jmp T_6.17;
T_6.16 ;
    %vpi_call 3 95 "$display", "Time %0t ns | === TEST RESET OK===", $time {0 0 0};
T_6.17 ;
    %delay 4, 0;
    %pushi/vec4 1, 0, 1;
    %store/vec4 v0x563f16af6f00_0, 0, 1;
    %fork TD_tb_dino.pump_frametick, S_0x563f16af6a80;
    %join;
    %pushi/vec4 0, 0, 1;
    %store/vec4 v0x563f16af6f00_0, 0, 1;
    %fork TD_tb_dino.pump_frametick, S_0x563f16af6a80;
    %join;
    %pushi/vec4 1, 0, 1;
    %store/vec4 v0x563f16af70c0_0, 0, 1;
    %wait E_0x563f16a27810;
    %load/vec4 v0x563f16af6320_0;
    %pad/s 10;
    %store/vec4 v0x563f16af7190_0, 0, 10;
    %pushi/vec4 2, 0, 32;
T_6.18 %dup/vec4;
    %pushi/vec4 0, 0, 32;
    %cmp/s;
    %jmp/1xz T_6.19, 5;
    %jmp/1 T_6.19, 4;
    %pushi/vec4 1, 0, 32;
    %sub;
    %fork TD_tb_dino.pump_frametick, S_0x563f16af6a80;
    %join;
    %jmp T_6.18;
T_6.19 ;
    %pop/vec4 1;
    %load/vec4 v0x563f16af7190_0;
    %pad/u 11;
    %load/vec4 v0x563f16af6320_0;
    %cmp/e;
    %jmp/0xz  T_6.20, 4;
    %vpi_call 3 106 "$display", "Time %0t ns | === TEST GAMEOVER OK ===", $time {0 0 0};
    %jmp T_6.21;
T_6.20 ;
    %vpi_call 3 107 "$display", "Time %0t ns | === TEST GAMEOVER FAIL ===", $time {0 0 0};
T_6.21 ;
    %vpi_call 3 109 "$display", "Time %0t ns | === HOAN THANH TEST ===", $time {0 0 0};
    %vpi_call 3 110 "$finish" {0 0 0};
    %end;
    .scope S_0x563f16abcf70;
t_0 %join;
    %end;
    .thread T_6;
    .scope S_0x563f16afe870;
T_7 ;
    %wait E_0x563f16a0b1d0;
    %load/vec4 v0x563f16b00350_0;
    %pad/u 33;
    %cmpi/u 656, 0, 33;
    %flag_inv 5; GE is !LT
    %flag_get/vec4 5;
    %jmp/0 T_7.0, 5;
    %load/vec4 v0x563f16b00350_0;
    %pad/u 35;
    %cmpi/u 751, 0, 35;
    %flag_get/vec4 4;
    %flag_get/vec4 5;
    %or;
    %and;
T_7.0;
    %inv;
    %assign/vec4 v0x563f16b00790_0, 0;
    %load/vec4 v0x563f16b006d0_0;
    %flag_set/vec4 8;
    %jmp/0xz  T_7.1, 8;
    %pushi/vec4 0, 0, 10;
    %assign/vec4 v0x563f16b00350_0, 0;
    %jmp T_7.2;
T_7.1 ;
    %load/vec4 v0x563f16b00350_0;
    %addi 1, 0, 10;
    %assign/vec4 v0x563f16b00350_0, 0;
T_7.2 ;
    %jmp T_7;
    .thread T_7;
    .scope S_0x563f16afe870;
T_8 ;
    %wait E_0x563f16a0b1d0;
    %load/vec4 v0x563f16b00410_0;
    %pad/u 33;
    %cmpi/u 490, 0, 33;
    %flag_inv 5; GE is !LT
    %flag_get/vec4 5;
    %jmp/0 T_8.0, 5;
    %load/vec4 v0x563f16b00410_0;
    %pad/u 35;
    %cmpi/u 491, 0, 35;
    %flag_get/vec4 4;
    %flag_get/vec4 5;
    %or;
    %and;
T_8.0;
    %inv;
    %assign/vec4 v0x563f16b009d0_0, 0;
    %load/vec4 v0x563f16b006d0_0;
    %flag_set/vec4 8;
    %jmp/0xz  T_8.1, 8;
    %load/vec4 v0x563f16b00910_0;
    %flag_set/vec4 8;
    %jmp/0xz  T_8.3, 8;
    %pushi/vec4 0, 0, 10;
    %assign/vec4 v0x563f16b00410_0, 0;
    %jmp T_8.4;
T_8.3 ;
    %load/vec4 v0x563f16b00410_0;
    %addi 1, 0, 10;
    %assign/vec4 v0x563f16b00410_0, 0;
T_8.4 ;
T_8.1 ;
    %jmp T_8;
    .thread T_8;
    .scope S_0x563f16afb390;
T_9 ;
    %pushi/vec4 0, 0, 8;
    %ix/load 4, 0, 0;
    %flag_set/imm 4, 0;
    %store/vec4a v0x563f16afbba0, 4, 0;
    %pushi/vec4 252, 0, 8;
    %ix/load 4, 1, 0;
    %flag_set/imm 4, 0;
    %store/vec4a v0x563f16afbba0, 4, 0;
    %pushi/vec4 7, 0, 8;
    %ix/load 4, 2, 0;
    %flag_set/imm 4, 0;
    %store/vec4a v0x563f16afbba0, 4, 0;
    %pushi/vec4 0, 0, 8;
    %ix/load 4, 3, 0;
    %flag_set/imm 4, 0;
    %store/vec4a v0x563f16afbba0, 4, 0;
    %pushi/vec4 0, 0, 8;
    %ix/load 4, 4, 0;
    %flag_set/imm 4, 0;
    %store/vec4a v0x563f16afbba0, 4, 0;
    %pushi/vec4 246, 0, 8;
    %ix/load 4, 5, 0;
    %flag_set/imm 4, 0;
    %store/vec4a v0x563f16afbba0, 4, 0;
    %pushi/vec4 15, 0, 8;
    %ix/load 4, 6, 0;
    %flag_set/imm 4, 0;
    %store/vec4a v0x563f16afbba0, 4, 0;
    %pushi/vec4 0, 0, 8;
    %ix/load 4, 7, 0;
    %flag_set/imm 4, 0;
    %store/vec4a v0x563f16afbba0, 4, 0;
    %pushi/vec4 0, 0, 8;
    %ix/load 4, 8, 0;
    %flag_set/imm 4, 0;
    %store/vec4a v0x563f16afbba0, 4, 0;
    %pushi/vec4 254, 0, 8;
    %ix/load 4, 9, 0;
    %flag_set/imm 4, 0;
    %store/vec4a v0x563f16afbba0, 4, 0;
    %pushi/vec4 15, 0, 8;
    %ix/load 4, 10, 0;
    %flag_set/imm 4, 0;
    %store/vec4a v0x563f16afbba0, 4, 0;
    %pushi/vec4 0, 0, 8;
    %ix/load 4, 11, 0;
    %flag_set/imm 4, 0;
    %store/vec4a v0x563f16afbba0, 4, 0;
    %pushi/vec4 0, 0, 8;
    %ix/load 4, 12, 0;
    %flag_set/imm 4, 0;
    %store/vec4a v0x563f16afbba0, 4, 0;
    %pushi/vec4 254, 0, 8;
    %ix/load 4, 13, 0;
    %flag_set/imm 4, 0;
    %store/vec4a v0x563f16afbba0, 4, 0;
    %pushi/vec4 15, 0, 8;
    %ix/load 4, 14, 0;
    %flag_set/imm 4, 0;
    %store/vec4a v0x563f16afbba0, 4, 0;
    %pushi/vec4 0, 0, 8;
    %ix/load 4, 15, 0;
    %flag_set/imm 4, 0;
    %store/vec4a v0x563f16afbba0, 4, 0;
    %pushi/vec4 0, 0, 8;
    %ix/load 4, 16, 0;
    %flag_set/imm 4, 0;
    %store/vec4a v0x563f16afbba0, 4, 0;
    %pushi/vec4 254, 0, 8;
    %ix/load 4, 17, 0;
    %flag_set/imm 4, 0;
    %store/vec4a v0x563f16afbba0, 4, 0;
    %pushi/vec4 15, 0, 8;
    %ix/load 4, 18, 0;
    %flag_set/imm 4, 0;
    %store/vec4a v0x563f16afbba0, 4, 0;
    %pushi/vec4 0, 0, 8;
    %ix/load 4, 19, 0;
    %flag_set/imm 4, 0;
    %store/vec4a v0x563f16afbba0, 4, 0;
    %pushi/vec4 0, 0, 8;
    %ix/load 4, 20, 0;
    %flag_set/imm 4, 0;
    %store/vec4a v0x563f16afbba0, 4, 0;
    %pushi/vec4 126, 0, 8;
    %ix/load 4, 21, 0;
    %flag_set/imm 4, 0;
    %store/vec4a v0x563f16afbba0, 4, 0;
    %pushi/vec4 0, 0, 8;
    %ix/load 4, 22, 0;
    %flag_set/imm 4, 0;
    %store/vec4a v0x563f16afbba0, 4, 0;
    %pushi/vec4 0, 0, 8;
    %ix/load 4, 23, 0;
    %flag_set/imm 4, 0;
    %store/vec4a v0x563f16afbba0, 4, 0;
    %pushi/vec4 0, 0, 8;
    %ix/load 4, 24, 0;
    %flag_set/imm 4, 0;
    %store/vec4a v0x563f16afbba0, 4, 0;
    %pushi/vec4 254, 0, 8;
    %ix/load 4, 25, 0;
    %flag_set/imm 4, 0;
    %store/vec4a v0x563f16afbba0, 4, 0;
    %pushi/vec4 3, 0, 8;
    %ix/load 4, 26, 0;
    %flag_set/imm 4, 0;
    %store/vec4a v0x563f16afbba0, 4, 0;
    %pushi/vec4 0, 0, 8;
    %ix/load 4, 27, 0;
    %flag_set/imm 4, 0;
    %store/vec4a v0x563f16afbba0, 4, 0;
    %pushi/vec4 0, 0, 8;
    %ix/load 4, 28, 0;
    %flag_set/imm 4, 0;
    %store/vec4a v0x563f16afbba0, 4, 0;
    %pushi/vec4 62, 0, 8;
    %ix/load 4, 29, 0;
    %flag_set/imm 4, 0;
    %store/vec4a v0x563f16afbba0, 4, 0;
    %pushi/vec4 0, 0, 8;
    %ix/load 4, 30, 0;
    %flag_set/imm 4, 0;
    %store/vec4a v0x563f16afbba0, 4, 0;
    %pushi/vec4 0, 0, 8;
    %ix/load 4, 31, 0;
    %flag_set/imm 4, 0;
    %store/vec4a v0x563f16afbba0, 4, 0;
    %pushi/vec4 1, 0, 8;
    %ix/load 4, 32, 0;
    %flag_set/imm 4, 0;
    %store/vec4a v0x563f16afbba0, 4, 0;
    %pushi/vec4 63, 0, 8;
    %ix/load 4, 33, 0;
    %flag_set/imm 4, 0;
    %store/vec4a v0x563f16afbba0, 4, 0;
    %pushi/vec4 0, 0, 8;
    %ix/load 4, 34, 0;
    %flag_set/imm 4, 0;
    %store/vec4a v0x563f16afbba0, 4, 0;
    %pushi/vec4 0, 0, 8;
    %ix/load 4, 35, 0;
    %flag_set/imm 4, 0;
    %store/vec4a v0x563f16afbba0, 4, 0;
    %pushi/vec4 129, 0, 8;
    %ix/load 4, 36, 0;
    %flag_set/imm 4, 0;
    %store/vec4a v0x563f16afbba0, 4, 0;
    %pushi/vec4 255, 0, 8;
    %ix/load 4, 37, 0;
    %flag_set/imm 4, 0;
    %store/vec4a v0x563f16afbba0, 4, 0;
    %pushi/vec4 0, 0, 8;
    %ix/load 4, 38, 0;
    %flag_set/imm 4, 0;
    %store/vec4a v0x563f16afbba0, 4, 0;
    %pushi/vec4 0, 0, 8;
    %ix/load 4, 39, 0;
    %flag_set/imm 4, 0;
    %store/vec4a v0x563f16afbba0, 4, 0;
    %pushi/vec4 195, 0, 8;
    %ix/load 4, 40, 0;
    %flag_set/imm 4, 0;
    %store/vec4a v0x563f16afbba0, 4, 0;
    %pushi/vec4 191, 0, 8;
    %ix/load 4, 41, 0;
    %flag_set/imm 4, 0;
    %store/vec4a v0x563f16afbba0, 4, 0;
    %pushi/vec4 0, 0, 8;
    %ix/load 4, 42, 0;
    %flag_set/imm 4, 0;
    %store/vec4a v0x563f16afbba0, 4, 0;
    %pushi/vec4 0, 0, 8;
    %ix/load 4, 43, 0;
    %flag_set/imm 4, 0;
    %store/vec4a v0x563f16afbba0, 4, 0;
    %pushi/vec4 231, 0, 8;
    %ix/load 4, 44, 0;
    %flag_set/imm 4, 0;
    %store/vec4a v0x563f16afbba0, 4, 0;
    %pushi/vec4 63, 0, 8;
    %ix/load 4, 45, 0;
    %flag_set/imm 4, 0;
    %store/vec4a v0x563f16afbba0, 4, 0;
    %pushi/vec4 0, 0, 8;
    %ix/load 4, 46, 0;
    %flag_set/imm 4, 0;
    %store/vec4a v0x563f16afbba0, 4, 0;
    %pushi/vec4 0, 0, 8;
    %ix/load 4, 47, 0;
    %flag_set/imm 4, 0;
    %store/vec4a v0x563f16afbba0, 4, 0;
    %pushi/vec4 255, 0, 8;
    %ix/load 4, 48, 0;
    %flag_set/imm 4, 0;
    %store/vec4a v0x563f16afbba0, 4, 0;
    %pushi/vec4 63, 0, 8;
    %ix/load 4, 49, 0;
    %flag_set/imm 4, 0;
    %store/vec4a v0x563f16afbba0, 4, 0;
    %pushi/vec4 0, 0, 8;
    %ix/load 4, 50, 0;
    %flag_set/imm 4, 0;
    %store/vec4a v0x563f16afbba0, 4, 0;
    %pushi/vec4 0, 0, 8;
    %ix/load 4, 51, 0;
    %flag_set/imm 4, 0;
    %store/vec4a v0x563f16afbba0, 4, 0;
    %pushi/vec4 254, 0, 8;
    %ix/load 4, 52, 0;
    %flag_set/imm 4, 0;
    %store/vec4a v0x563f16afbba0, 4, 0;
    %pushi/vec4 31, 0, 8;
    %ix/load 4, 53, 0;
    %flag_set/imm 4, 0;
    %store/vec4a v0x563f16afbba0, 4, 0;
    %pushi/vec4 0, 0, 8;
    %ix/load 4, 54, 0;
    %flag_set/imm 4, 0;
    %store/vec4a v0x563f16afbba0, 4, 0;
    %pushi/vec4 0, 0, 8;
    %ix/load 4, 55, 0;
    %flag_set/imm 4, 0;
    %store/vec4a v0x563f16afbba0, 4, 0;
    %pushi/vec4 252, 0, 8;
    %ix/load 4, 56, 0;
    %flag_set/imm 4, 0;
    %store/vec4a v0x563f16afbba0, 4, 0;
    %pushi/vec4 15, 0, 8;
    %ix/load 4, 57, 0;
    %flag_set/imm 4, 0;
    %store/vec4a v0x563f16afbba0, 4, 0;
    %pushi/vec4 0, 0, 8;
    %ix/load 4, 58, 0;
    %flag_set/imm 4, 0;
    %store/vec4a v0x563f16afbba0, 4, 0;
    %pushi/vec4 0, 0, 8;
    %ix/load 4, 59, 0;
    %flag_set/imm 4, 0;
    %store/vec4a v0x563f16afbba0, 4, 0;
    %pushi/vec4 248, 0, 8;
    %ix/load 4, 60, 0;
    %flag_set/imm 4, 0;
    %store/vec4a v0x563f16afbba0, 4, 0;
    %pushi/vec4 7, 0, 8;
    %ix/load 4, 61, 0;
    %flag_set/imm 4, 0;
    %store/vec4a v0x563f16afbba0, 4, 0;
    %pushi/vec4 0, 0, 8;
    %ix/load 4, 62, 0;
    %flag_set/imm 4, 0;
    %store/vec4a v0x563f16afbba0, 4, 0;
    %pushi/vec4 0, 0, 8;
    %ix/load 4, 63, 0;
    %flag_set/imm 4, 0;
    %store/vec4a v0x563f16afbba0, 4, 0;
    %pushi/vec4 224, 0, 8;
    %ix/load 4, 64, 0;
    %flag_set/imm 4, 0;
    %store/vec4a v0x563f16afbba0, 4, 0;
    %pushi/vec4 6, 0, 8;
    %ix/load 4, 65, 0;
    %flag_set/imm 4, 0;
    %store/vec4a v0x563f16afbba0, 4, 0;
    %pushi/vec4 0, 0, 8;
    %ix/load 4, 66, 0;
    %flag_set/imm 4, 0;
    %store/vec4a v0x563f16afbba0, 4, 0;
    %pushi/vec4 0, 0, 8;
    %ix/load 4, 67, 0;
    %flag_set/imm 4, 0;
    %store/vec4a v0x563f16afbba0, 4, 0;
    %pushi/vec4 96, 0, 8;
    %ix/load 4, 68, 0;
    %flag_set/imm 4, 0;
    %store/vec4a v0x563f16afbba0, 4, 0;
    %pushi/vec4 4, 0, 8;
    %ix/load 4, 69, 0;
    %flag_set/imm 4, 0;
    %store/vec4a v0x563f16afbba0, 4, 0;
    %pushi/vec4 0, 0, 8;
    %ix/load 4, 70, 0;
    %flag_set/imm 4, 0;
    %store/vec4a v0x563f16afbba0, 4, 0;
    %pushi/vec4 0, 0, 8;
    %ix/load 4, 71, 0;
    %flag_set/imm 4, 0;
    %store/vec4a v0x563f16afbba0, 4, 0;
    %pushi/vec4 32, 0, 8;
    %ix/load 4, 72, 0;
    %flag_set/imm 4, 0;
    %store/vec4a v0x563f16afbba0, 4, 0;
    %pushi/vec4 4, 0, 8;
    %ix/load 4, 73, 0;
    %flag_set/imm 4, 0;
    %store/vec4a v0x563f16afbba0, 4, 0;
    %pushi/vec4 0, 0, 8;
    %ix/load 4, 74, 0;
    %flag_set/imm 4, 0;
    %store/vec4a v0x563f16afbba0, 4, 0;
    %pushi/vec4 0, 0, 8;
    %ix/load 4, 75, 0;
    %flag_set/imm 4, 0;
    %store/vec4a v0x563f16afbba0, 4, 0;
    %pushi/vec4 96, 0, 8;
    %ix/load 4, 76, 0;
    %flag_set/imm 4, 0;
    %store/vec4a v0x563f16afbba0, 4, 0;
    %pushi/vec4 12, 0, 8;
    %ix/load 4, 77, 0;
    %flag_set/imm 4, 0;
    %store/vec4a v0x563f16afbba0, 4, 0;
    %pushi/vec4 0, 0, 8;
    %ix/load 4, 78, 0;
    %flag_set/imm 4, 0;
    %store/vec4a v0x563f16afbba0, 4, 0;
    %pushi/vec4 0, 0, 8;
    %ix/load 4, 79, 0;
    %flag_set/imm 4, 0;
    %store/vec4a v0x563f16afbba0, 4, 0;
    %end;
    .thread T_9;
    .scope S_0x563f16afab10;
T_10 ;
    %pushi/vec4 380, 0, 11;
    %store/vec4 v0x563f16afe130_0, 0, 11;
    %pushi/vec4 0, 0, 11;
    %store/vec4 v0x563f16afdfb0_0, 0, 11;
    %end;
    .thread T_10;
    .scope S_0x563f16afab10;
T_11 ;
    %wait E_0x563f16a0b1d0;
    %load/vec4 v0x563f16afe600_0;
    %inv;
    %flag_set/vec4 8;
    %jmp/0xz  T_11.0, 8;
    %pushi/vec4 380, 0, 11;
    %assign/vec4 v0x563f16afe130_0, 0;
    %pushi/vec4 0, 0, 11;
    %assign/vec4 v0x563f16afdfb0_0, 0;
    %pushi/vec4 0, 0, 1;
    %assign/vec4 v0x563f16afe6d0_0, 0;
    %jmp T_11.1;
T_11.0 ;
    %load/vec4 v0x563f16afe2d0_0;
    %flag_set/vec4 8;
    %jmp/0xz  T_11.2, 8;
    %load/vec4 v0x563f16afe390_0;
    %flag_set/vec4 8;
    %jmp/0xz  T_11.4, 8;
    %jmp T_11.5;
T_11.4 ;
    %load/vec4 v0x563f16afe130_0;
    %pad/s 65;
    %cmpi/s 380, 0, 65;
    %jmp/0xz  T_11.6, 5;
    %load/vec4 v0x563f16afe130_0;
    %load/vec4 v0x563f16afdfb0_0;
    %add;
    %assign/vec4 v0x563f16afe130_0, 0;
    %load/vec4 v0x563f16afdfb0_0;
    %addi 1, 0, 11;
    %assign/vec4 v0x563f16afdfb0_0, 0;
    %jmp T_11.7;
T_11.6 ;
    %pushi/vec4 380, 0, 11;
    %assign/vec4 v0x563f16afe130_0, 0;
    %pushi/vec4 0, 0, 1;
    %assign/vec4 v0x563f16afe6d0_0, 0;
    %load/vec4 v0x563f16afde40_0;
    %flag_set/vec4 8;
    %jmp/0xz  T_11.8, 8;
    %pushi/vec4 2036, 0, 11;
    %assign/vec4 v0x563f16afdfb0_0, 0;
    %pushi/vec4 368, 0, 11;
    %assign/vec4 v0x563f16afe130_0, 0;
    %pushi/vec4 1, 0, 1;
    %assign/vec4 v0x563f16afe6d0_0, 0;
    %jmp T_11.9;
T_11.8 ;
    %pushi/vec4 0, 0, 11;
    %assign/vec4 v0x563f16afdfb0_0, 0;
T_11.9 ;
T_11.7 ;
T_11.5 ;
T_11.2 ;
T_11.1 ;
    %jmp T_11;
    .thread T_11;
    .scope S_0x563f16af7cc0;
T_12 ;
    %pushi/vec4 192, 0, 8;
    %ix/load 4, 0, 0;
    %flag_set/imm 4, 0;
    %store/vec4a v0x563f16af84f0, 4, 0;
    %pushi/vec4 0, 0, 8;
    %ix/load 4, 1, 0;
    %flag_set/imm 4, 0;
    %store/vec4a v0x563f16af84f0, 4, 0;
    %pushi/vec4 0, 0, 8;
    %ix/load 4, 2, 0;
    %flag_set/imm 4, 0;
    %store/vec4a v0x563f16af84f0, 4, 0;
    %pushi/vec4 0, 0, 8;
    %ix/load 4, 3, 0;
    %flag_set/imm 4, 0;
    %store/vec4a v0x563f16af84f0, 4, 0;
    %pushi/vec4 224, 0, 8;
    %ix/load 4, 4, 0;
    %flag_set/imm 4, 0;
    %store/vec4a v0x563f16af84f0, 4, 0;
    %pushi/vec4 1, 0, 8;
    %ix/load 4, 5, 0;
    %flag_set/imm 4, 0;
    %store/vec4a v0x563f16af84f0, 4, 0;
    %pushi/vec4 0, 0, 8;
    %ix/load 4, 6, 0;
    %flag_set/imm 4, 0;
    %store/vec4a v0x563f16af84f0, 4, 0;
    %pushi/vec4 0, 0, 8;
    %ix/load 4, 7, 0;
    %flag_set/imm 4, 0;
    %store/vec4a v0x563f16af84f0, 4, 0;
    %pushi/vec4 224, 0, 8;
    %ix/load 4, 8, 0;
    %flag_set/imm 4, 0;
    %store/vec4a v0x563f16af84f0, 4, 0;
    %pushi/vec4 1, 0, 8;
    %ix/load 4, 9, 0;
    %flag_set/imm 4, 0;
    %store/vec4a v0x563f16af84f0, 4, 0;
    %pushi/vec4 0, 0, 8;
    %ix/load 4, 10, 0;
    %flag_set/imm 4, 0;
    %store/vec4a v0x563f16af84f0, 4, 0;
    %pushi/vec4 0, 0, 8;
    %ix/load 4, 11, 0;
    %flag_set/imm 4, 0;
    %store/vec4a v0x563f16af84f0, 4, 0;
    %pushi/vec4 224, 0, 8;
    %ix/load 4, 12, 0;
    %flag_set/imm 4, 0;
    %store/vec4a v0x563f16af84f0, 4, 0;
    %pushi/vec4 1, 0, 8;
    %ix/load 4, 13, 0;
    %flag_set/imm 4, 0;
    %store/vec4a v0x563f16af84f0, 4, 0;
    %pushi/vec4 0, 0, 8;
    %ix/load 4, 14, 0;
    %flag_set/imm 4, 0;
    %store/vec4a v0x563f16af84f0, 4, 0;
    %pushi/vec4 0, 0, 8;
    %ix/load 4, 15, 0;
    %flag_set/imm 4, 0;
    %store/vec4a v0x563f16af84f0, 4, 0;
    %pushi/vec4 230, 0, 8;
    %ix/load 4, 16, 0;
    %flag_set/imm 4, 0;
    %store/vec4a v0x563f16af84f0, 4, 0;
    %pushi/vec4 17, 0, 8;
    %ix/load 4, 17, 0;
    %flag_set/imm 4, 0;
    %store/vec4a v0x563f16af84f0, 4, 0;
    %pushi/vec4 0, 0, 8;
    %ix/load 4, 18, 0;
    %flag_set/imm 4, 0;
    %store/vec4a v0x563f16af84f0, 4, 0;
    %pushi/vec4 0, 0, 8;
    %ix/load 4, 19, 0;
    %flag_set/imm 4, 0;
    %store/vec4a v0x563f16af84f0, 4, 0;
    %pushi/vec4 239, 0, 8;
    %ix/load 4, 20, 0;
    %flag_set/imm 4, 0;
    %store/vec4a v0x563f16af84f0, 4, 0;
    %pushi/vec4 57, 0, 8;
    %ix/load 4, 21, 0;
    %flag_set/imm 4, 0;
    %store/vec4a v0x563f16af84f0, 4, 0;
    %pushi/vec4 0, 0, 8;
    %ix/load 4, 22, 0;
    %flag_set/imm 4, 0;
    %store/vec4a v0x563f16af84f0, 4, 0;
    %pushi/vec4 0, 0, 8;
    %ix/load 4, 23, 0;
    %flag_set/imm 4, 0;
    %store/vec4a v0x563f16af84f0, 4, 0;
    %pushi/vec4 239, 0, 8;
    %ix/load 4, 24, 0;
    %flag_set/imm 4, 0;
    %store/vec4a v0x563f16af84f0, 4, 0;
    %pushi/vec4 57, 0, 8;
    %ix/load 4, 25, 0;
    %flag_set/imm 4, 0;
    %store/vec4a v0x563f16af84f0, 4, 0;
    %pushi/vec4 0, 0, 8;
    %ix/load 4, 26, 0;
    %flag_set/imm 4, 0;
    %store/vec4a v0x563f16af84f0, 4, 0;
    %pushi/vec4 0, 0, 8;
    %ix/load 4, 27, 0;
    %flag_set/imm 4, 0;
    %store/vec4a v0x563f16af84f0, 4, 0;
    %pushi/vec4 239, 0, 8;
    %ix/load 4, 28, 0;
    %flag_set/imm 4, 0;
    %store/vec4a v0x563f16af84f0, 4, 0;
    %pushi/vec4 57, 0, 8;
    %ix/load 4, 29, 0;
    %flag_set/imm 4, 0;
    %store/vec4a v0x563f16af84f0, 4, 0;
    %pushi/vec4 0, 0, 8;
    %ix/load 4, 30, 0;
    %flag_set/imm 4, 0;
    %store/vec4a v0x563f16af84f0, 4, 0;
    %pushi/vec4 0, 0, 8;
    %ix/load 4, 31, 0;
    %flag_set/imm 4, 0;
    %store/vec4a v0x563f16af84f0, 4, 0;
    %pushi/vec4 255, 0, 8;
    %ix/load 4, 32, 0;
    %flag_set/imm 4, 0;
    %store/vec4a v0x563f16af84f0, 4, 0;
    %pushi/vec4 57, 0, 8;
    %ix/load 4, 33, 0;
    %flag_set/imm 4, 0;
    %store/vec4a v0x563f16af84f0, 4, 0;
    %pushi/vec4 0, 0, 8;
    %ix/load 4, 34, 0;
    %flag_set/imm 4, 0;
    %store/vec4a v0x563f16af84f0, 4, 0;
    %pushi/vec4 0, 0, 8;
    %ix/load 4, 35, 0;
    %flag_set/imm 4, 0;
    %store/vec4a v0x563f16af84f0, 4, 0;
    %pushi/vec4 255, 0, 8;
    %ix/load 4, 36, 0;
    %flag_set/imm 4, 0;
    %store/vec4a v0x563f16af84f0, 4, 0;
    %pushi/vec4 57, 0, 8;
    %ix/load 4, 37, 0;
    %flag_set/imm 4, 0;
    %store/vec4a v0x563f16af84f0, 4, 0;
    %pushi/vec4 0, 0, 8;
    %ix/load 4, 38, 0;
    %flag_set/imm 4, 0;
    %store/vec4a v0x563f16af84f0, 4, 0;
    %pushi/vec4 0, 0, 8;
    %ix/load 4, 39, 0;
    %flag_set/imm 4, 0;
    %store/vec4a v0x563f16af84f0, 4, 0;
    %pushi/vec4 254, 0, 8;
    %ix/load 4, 40, 0;
    %flag_set/imm 4, 0;
    %store/vec4a v0x563f16af84f0, 4, 0;
    %pushi/vec4 57, 0, 8;
    %ix/load 4, 41, 0;
    %flag_set/imm 4, 0;
    %store/vec4a v0x563f16af84f0, 4, 0;
    %pushi/vec4 0, 0, 8;
    %ix/load 4, 42, 0;
    %flag_set/imm 4, 0;
    %store/vec4a v0x563f16af84f0, 4, 0;
    %pushi/vec4 0, 0, 8;
    %ix/load 4, 43, 0;
    %flag_set/imm 4, 0;
    %store/vec4a v0x563f16af84f0, 4, 0;
    %pushi/vec4 252, 0, 8;
    %ix/load 4, 44, 0;
    %flag_set/imm 4, 0;
    %store/vec4a v0x563f16af84f0, 4, 0;
    %pushi/vec4 57, 0, 8;
    %ix/load 4, 45, 0;
    %flag_set/imm 4, 0;
    %store/vec4a v0x563f16af84f0, 4, 0;
    %pushi/vec4 0, 0, 8;
    %ix/load 4, 46, 0;
    %flag_set/imm 4, 0;
    %store/vec4a v0x563f16af84f0, 4, 0;
    %pushi/vec4 0, 0, 8;
    %ix/load 4, 47, 0;
    %flag_set/imm 4, 0;
    %store/vec4a v0x563f16af84f0, 4, 0;
    %pushi/vec4 224, 0, 8;
    %ix/load 4, 48, 0;
    %flag_set/imm 4, 0;
    %store/vec4a v0x563f16af84f0, 4, 0;
    %pushi/vec4 63, 0, 8;
    %ix/load 4, 49, 0;
    %flag_set/imm 4, 0;
    %store/vec4a v0x563f16af84f0, 4, 0;
    %pushi/vec4 0, 0, 8;
    %ix/load 4, 50, 0;
    %flag_set/imm 4, 0;
    %store/vec4a v0x563f16af84f0, 4, 0;
    %pushi/vec4 0, 0, 8;
    %ix/load 4, 51, 0;
    %flag_set/imm 4, 0;
    %store/vec4a v0x563f16af84f0, 4, 0;
    %pushi/vec4 224, 0, 8;
    %ix/load 4, 52, 0;
    %flag_set/imm 4, 0;
    %store/vec4a v0x563f16af84f0, 4, 0;
    %pushi/vec4 31, 0, 8;
    %ix/load 4, 53, 0;
    %flag_set/imm 4, 0;
    %store/vec4a v0x563f16af84f0, 4, 0;
    %pushi/vec4 0, 0, 8;
    %ix/load 4, 54, 0;
    %flag_set/imm 4, 0;
    %store/vec4a v0x563f16af84f0, 4, 0;
    %pushi/vec4 0, 0, 8;
    %ix/load 4, 55, 0;
    %flag_set/imm 4, 0;
    %store/vec4a v0x563f16af84f0, 4, 0;
    %pushi/vec4 224, 0, 8;
    %ix/load 4, 56, 0;
    %flag_set/imm 4, 0;
    %store/vec4a v0x563f16af84f0, 4, 0;
    %pushi/vec4 15, 0, 8;
    %ix/load 4, 57, 0;
    %flag_set/imm 4, 0;
    %store/vec4a v0x563f16af84f0, 4, 0;
    %pushi/vec4 0, 0, 8;
    %ix/load 4, 58, 0;
    %flag_set/imm 4, 0;
    %store/vec4a v0x563f16af84f0, 4, 0;
    %pushi/vec4 0, 0, 8;
    %ix/load 4, 59, 0;
    %flag_set/imm 4, 0;
    %store/vec4a v0x563f16af84f0, 4, 0;
    %pushi/vec4 224, 0, 8;
    %ix/load 4, 60, 0;
    %flag_set/imm 4, 0;
    %store/vec4a v0x563f16af84f0, 4, 0;
    %pushi/vec4 1, 0, 8;
    %ix/load 4, 61, 0;
    %flag_set/imm 4, 0;
    %store/vec4a v0x563f16af84f0, 4, 0;
    %pushi/vec4 0, 0, 8;
    %ix/load 4, 62, 0;
    %flag_set/imm 4, 0;
    %store/vec4a v0x563f16af84f0, 4, 0;
    %pushi/vec4 0, 0, 8;
    %ix/load 4, 63, 0;
    %flag_set/imm 4, 0;
    %store/vec4a v0x563f16af84f0, 4, 0;
    %pushi/vec4 224, 0, 8;
    %ix/load 4, 64, 0;
    %flag_set/imm 4, 0;
    %store/vec4a v0x563f16af84f0, 4, 0;
    %pushi/vec4 1, 0, 8;
    %ix/load 4, 65, 0;
    %flag_set/imm 4, 0;
    %store/vec4a v0x563f16af84f0, 4, 0;
    %pushi/vec4 0, 0, 8;
    %ix/load 4, 66, 0;
    %flag_set/imm 4, 0;
    %store/vec4a v0x563f16af84f0, 4, 0;
    %pushi/vec4 0, 0, 8;
    %ix/load 4, 67, 0;
    %flag_set/imm 4, 0;
    %store/vec4a v0x563f16af84f0, 4, 0;
    %pushi/vec4 224, 0, 8;
    %ix/load 4, 68, 0;
    %flag_set/imm 4, 0;
    %store/vec4a v0x563f16af84f0, 4, 0;
    %pushi/vec4 1, 0, 8;
    %ix/load 4, 69, 0;
    %flag_set/imm 4, 0;
    %store/vec4a v0x563f16af84f0, 4, 0;
    %pushi/vec4 0, 0, 8;
    %ix/load 4, 70, 0;
    %flag_set/imm 4, 0;
    %store/vec4a v0x563f16af84f0, 4, 0;
    %pushi/vec4 0, 0, 8;
    %ix/load 4, 71, 0;
    %flag_set/imm 4, 0;
    %store/vec4a v0x563f16af84f0, 4, 0;
    %pushi/vec4 224, 0, 8;
    %ix/load 4, 72, 0;
    %flag_set/imm 4, 0;
    %store/vec4a v0x563f16af84f0, 4, 0;
    %pushi/vec4 1, 0, 8;
    %ix/load 4, 73, 0;
    %flag_set/imm 4, 0;
    %store/vec4a v0x563f16af84f0, 4, 0;
    %pushi/vec4 0, 0, 8;
    %ix/load 4, 74, 0;
    %flag_set/imm 4, 0;
    %store/vec4a v0x563f16af84f0, 4, 0;
    %pushi/vec4 0, 0, 8;
    %ix/load 4, 75, 0;
    %flag_set/imm 4, 0;
    %store/vec4a v0x563f16af84f0, 4, 0;
    %pushi/vec4 224, 0, 8;
    %ix/load 4, 76, 0;
    %flag_set/imm 4, 0;
    %store/vec4a v0x563f16af84f0, 4, 0;
    %pushi/vec4 1, 0, 8;
    %ix/load 4, 77, 0;
    %flag_set/imm 4, 0;
    %store/vec4a v0x563f16af84f0, 4, 0;
    %pushi/vec4 0, 0, 8;
    %ix/load 4, 78, 0;
    %flag_set/imm 4, 0;
    %store/vec4a v0x563f16af84f0, 4, 0;
    %pushi/vec4 0, 0, 8;
    %ix/load 4, 79, 0;
    %flag_set/imm 4, 0;
    %store/vec4a v0x563f16af84f0, 4, 0;
    %end;
    .thread T_12;
    .scope S_0x563f16af7510;
T_13 ;
    %pushi/vec4 640, 0, 10;
    %store/vec4 v0x563f16afa120_0, 0, 10;
    %end;
    .thread T_13;
    .scope S_0x563f16af7510;
T_14 ;
    %wait E_0x563f16a0b1d0;
    %load/vec4 v0x563f16afa990_0;
    %inv;
    %flag_set/vec4 8;
    %jmp/0xz  T_14.0, 8;
    %pushi/vec4 640, 0, 10;
    %assign/vec4 v0x563f16afa120_0, 0;
    %jmp T_14.1;
T_14.0 ;
    %load/vec4 v0x563f16afa650_0;
    %flag_set/vec4 8;
    %jmp/0xz  T_14.2, 8;
    %load/vec4 v0x563f16afa710_0;
    %flag_set/vec4 8;
    %jmp/0xz  T_14.4, 8;
    %jmp T_14.5;
T_14.4 ;
    %load/vec4 v0x563f16afa120_0;
    %pad/u 32;
    %cmpi/u 6, 0, 32;
    %flag_or 5, 4;
    %jmp/0xz  T_14.6, 5;
    %pushi/vec4 640, 0, 10;
    %assign/vec4 v0x563f16afa120_0, 0;
    %jmp T_14.7;
T_14.6 ;
    %load/vec4 v0x563f16afa120_0;
    %pad/u 32;
    %subi 6, 0, 32;
    %pad/u 10;
    %assign/vec4 v0x563f16afa120_0, 0;
T_14.7 ;
T_14.5 ;
T_14.2 ;
T_14.1 ;
    %jmp T_14;
    .thread T_14;
    .scope S_0x563f16aa50b0;
T_15 ;
    %pushi/vec4 0, 0, 6;
    %store/vec4 v0x563f16b02cc0_0, 0, 6;
    %pushi/vec4 0, 0, 1;
    %store/vec4 v0x563f16b02f40_0, 0, 1;
    %pushi/vec4 0, 0, 1;
    %store/vec4 v0x563f16b02770_0, 0, 1;
    %end;
    .thread T_15;
    .scope S_0x563f16aa50b0;
T_16 ;
    %wait E_0x563f16a0b1d0;
    %load/vec4 v0x563f16b03570_0;
    %inv;
    %flag_set/vec4 8;
    %jmp/0xz  T_16.0, 8;
    %pushi/vec4 0, 0, 1;
    %assign/vec4 v0x563f16b03300_0, 0;
    %jmp T_16.1;
T_16.0 ;
    %load/vec4 v0x563f16b00b70_0;
    %parti/s 1, 0, 2;
    %assign/vec4 v0x563f16b03300_0, 0;
T_16.1 ;
    %jmp T_16;
    .thread T_16;
    .scope S_0x563f16aa50b0;
T_17 ;
    %wait E_0x563f16a0b1d0;
    %load/vec4 v0x563f16b03570_0;
    %inv;
    %flag_set/vec4 8;
    %jmp/1 T_17.4, 8;
    %load/vec4 v0x563f16b02f40_0;
    %flag_set/vec4 9;
    %flag_or 8, 9;
T_17.4;
    %jmp/1 T_17.3, 8;
    %load/vec4 v0x563f16b02da0_0;
    %flag_set/vec4 9;
    %flag_or 8, 9;
T_17.3;
    %jmp/1 T_17.2, 8;
    %load/vec4 v0x563f16b03120_0;
    %flag_set/vec4 9;
    %flag_or 8, 9;
T_17.2;
    %jmp/0xz  T_17.0, 8;
    %pushi/vec4 0, 0, 1;
    %assign/vec4 v0x563f16b03080_0, 0;
    %jmp T_17.1;
T_17.0 ;
    %load/vec4 v0x563f16b02c20_0;
    %pad/u 32;
    %cmpi/e 1, 0, 32;
    %jmp/0xz  T_17.5, 4;
    %pushi/vec4 1, 0, 1;
    %assign/vec4 v0x563f16b03080_0, 0;
T_17.5 ;
T_17.1 ;
    %jmp T_17;
    .thread T_17;
    .scope S_0x563f16aa50b0;
T_18 ;
    %wait E_0x563f16a0b1d0;
    %load/vec4 v0x563f16b03570_0;
    %inv;
    %flag_set/vec4 8;
    %jmp/1 T_18.2, 8;
    %load/vec4 v0x563f16b02f40_0;
    %flag_set/vec4 9;
    %flag_or 8, 9;
T_18.2;
    %jmp/0xz  T_18.0, 8;
    %pushi/vec4 0, 0, 1;
    %assign/vec4 v0x563f16b02770_0, 0;
    %jmp T_18.1;
T_18.0 ;
    %load/vec4 v0x563f16b026b0_0;
    %pad/u 32;
    %cmpi/e 1, 0, 32;
    %jmp/0xz  T_18.3, 4;
    %pushi/vec4 1, 0, 1;
    %assign/vec4 v0x563f16b02f40_0, 0;
    %pushi/vec4 1, 0, 1;
    %assign/vec4 v0x563f16b02770_0, 0;
T_18.3 ;
T_18.1 ;
    %jmp T_18;
    .thread T_18;
    .scope S_0x563f16aa50b0;
T_19 ;
    %wait E_0x563f16a0b1d0;
    %load/vec4 v0x563f16b03570_0;
    %inv;
    %flag_set/vec4 8;
    %jmp/0xz  T_19.0, 8;
    %pushi/vec4 0, 0, 1;
    %assign/vec4 v0x563f16b02f40_0, 0;
    %jmp T_19.1;
T_19.0 ;
    %load/vec4 v0x563f16b02da0_0;
    %flag_set/vec4 8;
    %jmp/0xz  T_19.2, 8;
    %load/vec4 v0x563f16b02f40_0;
    %flag_set/vec4 8;
    %jmp/0xz  T_19.4, 8;
    %load/vec4 v0x563f16b02c20_0;
    %flag_set/vec4 8;
    %jmp/0xz  T_19.6, 8;
    %pushi/vec4 0, 0, 1;
    %assign/vec4 v0x563f16b02f40_0, 0;
T_19.6 ;
T_19.4 ;
T_19.2 ;
T_19.1 ;
    %jmp T_19;
    .thread T_19;
    .scope S_0x563f16aa50b0;
T_20 ;
    %wait E_0x563f16a0b1d0;
    %load/vec4 v0x563f16b03570_0;
    %inv;
    %flag_set/vec4 8;
    %jmp/0xz  T_20.0, 8;
    %pushi/vec4 3, 0, 2;
    %assign/vec4 v0x563f16b033a0_0, 0;
    %pushi/vec4 3, 0, 2;
    %assign/vec4 v0x563f16b02e60_0, 0;
    %pushi/vec4 3, 0, 2;
    %assign/vec4 v0x563f16b02530_0, 0;
    %jmp T_20.1;
T_20.0 ;
    %load/vec4 v0x563f16b03630_0;
    %flag_set/vec4 8;
    %jmp/0xz  T_20.2, 8;
    %load/vec4 v0x563f16b02ae0_0;
    %flag_set/vec4 8;
    %jmp/0xz  T_20.4, 8;
    %pushi/vec4 0, 0, 2;
    %assign/vec4 v0x563f16b033a0_0, 0;
    %pushi/vec4 0, 0, 2;
    %assign/vec4 v0x563f16b02e60_0, 0;
    %pushi/vec4 0, 0, 2;
    %assign/vec4 v0x563f16b02530_0, 0;
    %jmp T_20.5;
T_20.4 ;
    %load/vec4 v0x563f16b02a40_0;
    %flag_set/vec4 8;
    %jmp/0xz  T_20.6, 8;
    %pushi/vec4 0, 0, 2;
    %assign/vec4 v0x563f16b033a0_0, 0;
    %pushi/vec4 0, 0, 2;
    %assign/vec4 v0x563f16b02e60_0, 0;
    %pushi/vec4 0, 0, 2;
    %assign/vec4 v0x563f16b02530_0, 0;
    %jmp T_20.7;
T_20.6 ;
    %load/vec4 v0x563f16b02b80_0;
    %flag_set/vec4 8;
    %jmp/0xz  T_20.8, 8;
    %pushi/vec4 0, 0, 2;
    %assign/vec4 v0x563f16b033a0_0, 0;
    %pushi/vec4 0, 0, 2;
    %assign/vec4 v0x563f16b02e60_0, 0;
    %pushi/vec4 0, 0, 2;
    %assign/vec4 v0x563f16b02530_0, 0;
    %jmp T_20.9;
T_20.8 ;
    %pushi/vec4 3, 0, 2;
    %assign/vec4 v0x563f16b033a0_0, 0;
    %pushi/vec4 3, 0, 2;
    %assign/vec4 v0x563f16b02e60_0, 0;
    %pushi/vec4 3, 0, 2;
    %assign/vec4 v0x563f16b02530_0, 0;
T_20.9 ;
T_20.7 ;
T_20.5 ;
    %jmp T_20.3;
T_20.2 ;
    %pushi/vec4 3, 0, 2;
    %assign/vec4 v0x563f16b033a0_0, 0;
    %pushi/vec4 3, 0, 2;
    %assign/vec4 v0x563f16b02e60_0, 0;
    %pushi/vec4 3, 0, 2;
    %assign/vec4 v0x563f16b02530_0, 0;
T_20.3 ;
T_20.1 ;
    %jmp T_20;
    .thread T_20;
# The file index is used to find the file name in the following table.
:file_names 10;
    "N/A";
    "<interactive>";
    "rtl/palette.v";
    "tb/tb_dino.v";
    "rtl/c_dino.v";
    "rtl/dino_sprite.v";
    "rtl/vga.v";
    "rtl/c_cactus.v";
    "rtl/cactus_sprite.v";
    "rtl/scanner.v";
